<?xml version="1.0" encoding="UTF-8"?>
<!-- Generated by org.testng.reporters.JUnitXMLReporter -->
<testsuite ignored="1" hostname="DESKTOP-Ayesha" failures="1" tests="1" name="Default test" time="116.121" errors="0" timestamp="2024-09-19T12:06:42 IST">
  <testcase classname="genericUtility.FMS_BaseClass" name="@AfterMethod amConfig" time="5.198">
    <failure type="org.openqa.selenium.ElementClickInterceptedException" message="element click intercepted: Element &amp;lt;span _ngcontent-xlo-c31=&amp;quot;&amp;quot; class=&amp;quot;user-name&amp;quot;&amp;gt;...&amp;lt;/span&amp;gt; is not clickable at point (1279, 21). Other element would receive the click: &amp;lt;div _ngcontent-xlo-c72=&amp;quot;&amp;quot; id=&amp;quot;exampleModalll&amp;quot; tabindex=&amp;quot;-1&amp;quot; aria-labelledby=&amp;quot;exampleModalLabel&amp;quot; class=&amp;quot;modal fade show&amp;quot; aria-modal=&amp;quot;true&amp;quot; role=&amp;quot;dialog&amp;quot; style=&amp;quot;display: block;&amp;quot;&amp;gt;...&amp;lt;/div&amp;gt;
  (Session info: chrome=128.0.6613.138)
Build info: version: &amp;apos;4.14.1&amp;apos;, revision: &amp;apos;03f8ede370&amp;apos;
System info: os.name: &amp;apos;Windows 10&amp;apos;, os.arch: &amp;apos;amd64&amp;apos;, os.version: &amp;apos;10.0&amp;apos;, java.version: &amp;apos;22.0.1&amp;apos;
Driver info: org.openqa.selenium.chrome.ChromeDriver
Command: [4beed67549125727aa8ab6326b14cd03, clickElement {id=f.1C7C110D6371AB0D0E525A11773AF818.d.77D7206B40FD914B0B008FFF30094C82.e.289}]
Capabilities {acceptInsecureCerts: false, browserName: chrome, browserVersion: 128.0.6613.138, chrome: {chromedriverVersion: 128.0.6613.137 (fe621c5aa2d..., userDataDir: C:\Users\admin\AppData\Loca...}, fedcm:accounts: true, goog:chromeOptions: {debuggerAddress: localhost:50402}, networkConnectionEnabled: false, pageLoadStrategy: normal, platformName: windows, proxy: Proxy(), se:cdp: ws://localhost:50402/devtoo..., se:cdpVersion: 128.0.6613.138, setWindowRect: true, strictFileInteractability: false, timeouts: {implicit: 0, pageLoad: 300000, script: 30000}, unhandledPromptBehavior: dismiss and notify, webauthn:extension:credBlob: true, webauthn:extension:largeBlob: true, webauthn:extension:minPinLength: true, webauthn:extension:prf: true, webauthn:virtualAuthenticators: true}
Element: [[ChromeDriver: chrome on windows (4beed67549125727aa8ab6326b14cd03)] -&amp;gt; xpath: //span[@class=&amp;apos;user-name&amp;apos;]]
Session ID: 4beed67549125727aa8ab6326b14cd03">
      <![CDATA[org.openqa.selenium.ElementClickInterceptedException: element click intercepted: Element <span _ngcontent-xlo-c31="" class="user-name">...</span> is not clickable at point (1279, 21). Other element would receive the click: <div _ngcontent-xlo-c72="" id="exampleModalll" tabindex="-1" aria-labelledby="exampleModalLabel" class="modal fade show" aria-modal="true" role="dialog" style="display: block;">...</div>
  (Session info: chrome=128.0.6613.138)
Build info: version: '4.14.1', revision: '03f8ede370'
System info: os.name: 'Windows 10', os.arch: 'amd64', os.version: '10.0', java.version: '22.0.1'
Driver info: org.openqa.selenium.chrome.ChromeDriver
Command: [4beed67549125727aa8ab6326b14cd03, clickElement {id=f.1C7C110D6371AB0D0E525A11773AF818.d.77D7206B40FD914B0B008FFF30094C82.e.289}]
Capabilities {acceptInsecureCerts: false, browserName: chrome, browserVersion: 128.0.6613.138, chrome: {chromedriverVersion: 128.0.6613.137 (fe621c5aa2d..., userDataDir: C:\Users\admin\AppData\Loca...}, fedcm:accounts: true, goog:chromeOptions: {debuggerAddress: localhost:50402}, networkConnectionEnabled: false, pageLoadStrategy: normal, platformName: windows, proxy: Proxy(), se:cdp: ws://localhost:50402/devtoo..., se:cdpVersion: 128.0.6613.138, setWindowRect: true, strictFileInteractability: false, timeouts: {implicit: 0, pageLoad: 300000, script: 30000}, unhandledPromptBehavior: dismiss and notify, webauthn:extension:credBlob: true, webauthn:extension:largeBlob: true, webauthn:extension:minPinLength: true, webauthn:extension:prf: true, webauthn:virtualAuthenticators: true}
Element: [[ChromeDriver: chrome on windows (4beed67549125727aa8ab6326b14cd03)] -> xpath: //span[@class='user-name']]
Session ID: 4beed67549125727aa8ab6326b14cd03
at java.base/jdk.internal.reflect.DirectConstructorHandleAccessor.newInstance(DirectConstructorHandleAccessor.java:62)
at java.base/java.lang.reflect.Constructor.newInstanceWithCaller(Constructor.java:502)
at java.base/java.lang.reflect.Constructor.newInstance(Constructor.java:486)
at org.openqa.selenium.remote.codec.w3c.W3CHttpResponseCodec.createException(W3CHttpResponseCodec.java:200)
at org.openqa.selenium.remote.codec.w3c.W3CHttpResponseCodec.decode(W3CHttpResponseCodec.java:133)
at org.openqa.selenium.remote.codec.w3c.W3CHttpResponseCodec.decode(W3CHttpResponseCodec.java:52)
at org.openqa.selenium.remote.HttpCommandExecutor.execute(HttpCommandExecutor.java:191)
at org.openqa.selenium.remote.service.DriverCommandExecutor.invokeExecute(DriverCommandExecutor.java:200)
at org.openqa.selenium.remote.service.DriverCommandExecutor.execute(DriverCommandExecutor.java:175)
at org.openqa.selenium.remote.RemoteWebDriver.execute(RemoteWebDriver.java:602)
at org.openqa.selenium.remote.RemoteWebElement.execute(RemoteWebElement.java:224)
at org.openqa.selenium.remote.RemoteWebElement.click(RemoteWebElement.java:77)
at java.base/jdk.internal.reflect.DirectMethodHandleAccessor.invoke(DirectMethodHandleAccessor.java:103)
at java.base/java.lang.reflect.Method.invoke(Method.java:580)
at org.openqa.selenium.support.pagefactory.internal.LocatingElementHandler.invoke(LocatingElementHandler.java:51)
at jdk.proxy2/jdk.proxy2.$Proxy20.click(Unknown Source)
at genericUtility.FMS_BaseClass.amConfig(FMS_BaseClass.java:111)
at java.base/jdk.internal.reflect.DirectMethodHandleAccessor.invoke(DirectMethodHandleAccessor.java:103)
at java.base/java.lang.reflect.Method.invoke(Method.java:580)
at org.testng.internal.invokers.MethodInvocationHelper.invokeMethod(MethodInvocationHelper.java:139)
at org.testng.internal.invokers.MethodInvocationHelper.invokeMethodConsideringTimeout(MethodInvocationHelper.java:69)
at org.testng.internal.invokers.ConfigInvoker.invokeConfigurationMethod(ConfigInvoker.java:361)
at org.testng.internal.invokers.ConfigInvoker.invokeConfigurations(ConfigInvoker.java:296)
at org.testng.internal.invokers.TestInvoker.runConfigMethods(TestInvoker.java:816)
at org.testng.internal.invokers.TestInvoker.runAfterConfigurations(TestInvoker.java:785)
at org.testng.internal.invokers.TestInvoker.invokeMethod(TestInvoker.java:761)
at org.testng.internal.invokers.TestInvoker.invokeTestMethod(TestInvoker.java:221)
at org.testng.internal.invokers.MethodRunner.runInSequence(MethodRunner.java:50)
at org.testng.internal.invokers.TestInvoker$MethodInvocationAgent.invoke(TestInvoker.java:962)
at org.testng.internal.invokers.TestInvoker.invokeTestMethods(TestInvoker.java:194)
at org.testng.internal.invokers.TestMethodWorker.invokeTestMethods(TestMethodWorker.java:148)
at org.testng.internal.invokers.TestMethodWorker.run(TestMethodWorker.java:128)
at java.base/java.util.ArrayList.forEach(ArrayList.java:1597)
at org.testng.TestRunner.privateRun(TestRunner.java:806)
at org.testng.TestRunner.run(TestRunner.java:601)
at org.testng.SuiteRunner.runTest(SuiteRunner.java:433)
at org.testng.SuiteRunner.runSequentially(SuiteRunner.java:427)
at org.testng.SuiteRunner.privateRun(SuiteRunner.java:387)
at org.testng.SuiteRunner.run(SuiteRunner.java:330)
at org.testng.SuiteRunnerWorker.runSuite(SuiteRunnerWorker.java:52)
at org.testng.SuiteRunnerWorker.run(SuiteRunnerWorker.java:95)
at org.testng.TestNG.runSuitesSequentially(TestNG.java:1256)
at org.testng.TestNG.runSuitesLocally(TestNG.java:1176)
at org.testng.TestNG.runSuites(TestNG.java:1099)
at org.testng.TestNG.run(TestNG.java:1067)
at org.testng.remote.AbstractRemoteTestNG.run(AbstractRemoteTestNG.java:115)
at org.testng.remote.RemoteTestNG.initAndRun(RemoteTestNG.java:293)
at org.testng.remote.RemoteTestNG.main(RemoteTestNG.java:91)
]]>
    </failure>
  </testcase> <!-- @AfterMethod amConfig -->
  <testcase classname="genericUtility.FMS_BaseClass" name="@AfterClass acConfig" time="0.0">
    <skipped/>
  </testcase> <!-- @AfterClass acConfig -->
  <testcase classname="Sprint_5_Negative.b_CouponsAllActions" name="b_adminCouponAllActionTest" time="81.047">
    <failure type="org.openqa.selenium.ElementClickInterceptedException" message="element click intercepted: Element &amp;lt;button _ngcontent-xlo-c72=&amp;quot;&amp;quot; data-bs-toggle=&amp;quot;modal&amp;quot; data-bs-target=&amp;quot;#exampleModalll&amp;quot; class=&amp;quot;view-btnn&amp;quot;&amp;gt;...&amp;lt;/button&amp;gt; is not clickable at point (1269, 327). Other element would receive the click: &amp;lt;div _ngcontent-xlo-c72=&amp;quot;&amp;quot; id=&amp;quot;exampleModalll&amp;quot; tabindex=&amp;quot;-1&amp;quot; aria-labelledby=&amp;quot;exampleModalLabel&amp;quot; class=&amp;quot;modal fade show&amp;quot; aria-modal=&amp;quot;true&amp;quot; role=&amp;quot;dialog&amp;quot; style=&amp;quot;display: block;&amp;quot;&amp;gt;...&amp;lt;/div&amp;gt;
  (Session info: chrome=128.0.6613.138)
Build info: version: &amp;apos;4.14.1&amp;apos;, revision: &amp;apos;03f8ede370&amp;apos;
System info: os.name: &amp;apos;Windows 10&amp;apos;, os.arch: &amp;apos;amd64&amp;apos;, os.version: &amp;apos;10.0&amp;apos;, java.version: &amp;apos;22.0.1&amp;apos;
Driver info: org.openqa.selenium.chrome.ChromeDriver
Command: [4beed67549125727aa8ab6326b14cd03, clickElement {id=f.1C7C110D6371AB0D0E525A11773AF818.d.77D7206B40FD914B0B008FFF30094C82.e.275}]
Capabilities {acceptInsecureCerts: false, browserName: chrome, browserVersion: 128.0.6613.138, chrome: {chromedriverVersion: 128.0.6613.137 (fe621c5aa2d..., userDataDir: C:\Users\admin\AppData\Loca...}, fedcm:accounts: true, goog:chromeOptions: {debuggerAddress: localhost:50402}, networkConnectionEnabled: false, pageLoadStrategy: normal, platformName: windows, proxy: Proxy(), se:cdp: ws://localhost:50402/devtoo..., se:cdpVersion: 128.0.6613.138, setWindowRect: true, strictFileInteractability: false, timeouts: {implicit: 0, pageLoad: 300000, script: 30000}, unhandledPromptBehavior: dismiss and notify, webauthn:extension:credBlob: true, webauthn:extension:largeBlob: true, webauthn:extension:minPinLength: true, webauthn:extension:prf: true, webauthn:virtualAuthenticators: true}
Element: [[ChromeDriver: chrome on windows (4beed67549125727aa8ab6326b14cd03)] -&amp;gt; xpath: (//button[.=&amp;apos;Edit&amp;apos;])[1]]
Session ID: 4beed67549125727aa8ab6326b14cd03">
      <![CDATA[org.openqa.selenium.ElementClickInterceptedException: element click intercepted: Element <button _ngcontent-xlo-c72="" data-bs-toggle="modal" data-bs-target="#exampleModalll" class="view-btnn">...</button> is not clickable at point (1269, 327). Other element would receive the click: <div _ngcontent-xlo-c72="" id="exampleModalll" tabindex="-1" aria-labelledby="exampleModalLabel" class="modal fade show" aria-modal="true" role="dialog" style="display: block;">...</div>
  (Session info: chrome=128.0.6613.138)
Build info: version: '4.14.1', revision: '03f8ede370'
System info: os.name: 'Windows 10', os.arch: 'amd64', os.version: '10.0', java.version: '22.0.1'
Driver info: org.openqa.selenium.chrome.ChromeDriver
Command: [4beed67549125727aa8ab6326b14cd03, clickElement {id=f.1C7C110D6371AB0D0E525A11773AF818.d.77D7206B40FD914B0B008FFF30094C82.e.275}]
Capabilities {acceptInsecureCerts: false, browserName: chrome, browserVersion: 128.0.6613.138, chrome: {chromedriverVersion: 128.0.6613.137 (fe621c5aa2d..., userDataDir: C:\Users\admin\AppData\Loca...}, fedcm:accounts: true, goog:chromeOptions: {debuggerAddress: localhost:50402}, networkConnectionEnabled: false, pageLoadStrategy: normal, platformName: windows, proxy: Proxy(), se:cdp: ws://localhost:50402/devtoo..., se:cdpVersion: 128.0.6613.138, setWindowRect: true, strictFileInteractability: false, timeouts: {implicit: 0, pageLoad: 300000, script: 30000}, unhandledPromptBehavior: dismiss and notify, webauthn:extension:credBlob: true, webauthn:extension:largeBlob: true, webauthn:extension:minPinLength: true, webauthn:extension:prf: true, webauthn:virtualAuthenticators: true}
Element: [[ChromeDriver: chrome on windows (4beed67549125727aa8ab6326b14cd03)] -> xpath: (//button[.='Edit'])[1]]
Session ID: 4beed67549125727aa8ab6326b14cd03
at java.base/jdk.internal.reflect.DirectConstructorHandleAccessor.newInstance(DirectConstructorHandleAccessor.java:62)
at java.base/java.lang.reflect.Constructor.newInstanceWithCaller(Constructor.java:502)
at java.base/java.lang.reflect.Constructor.newInstance(Constructor.java:486)
at org.openqa.selenium.remote.codec.w3c.W3CHttpResponseCodec.createException(W3CHttpResponseCodec.java:200)
at org.openqa.selenium.remote.codec.w3c.W3CHttpResponseCodec.decode(W3CHttpResponseCodec.java:133)
at org.openqa.selenium.remote.codec.w3c.W3CHttpResponseCodec.decode(W3CHttpResponseCodec.java:52)
at org.openqa.selenium.remote.HttpCommandExecutor.execute(HttpCommandExecutor.java:191)
at org.openqa.selenium.remote.service.DriverCommandExecutor.invokeExecute(DriverCommandExecutor.java:200)
at org.openqa.selenium.remote.service.DriverCommandExecutor.execute(DriverCommandExecutor.java:175)
at org.openqa.selenium.remote.RemoteWebDriver.execute(RemoteWebDriver.java:602)
at org.openqa.selenium.remote.RemoteWebElement.execute(RemoteWebElement.java:224)
at org.openqa.selenium.remote.RemoteWebElement.click(RemoteWebElement.java:77)
at Sprint_5_Negative.b_CouponsAllActions.b_adminCouponAllActionTest(b_CouponsAllActions.java:649)
at java.base/jdk.internal.reflect.DirectMethodHandleAccessor.invoke(DirectMethodHandleAccessor.java:103)
at java.base/java.lang.reflect.Method.invoke(Method.java:580)
at org.testng.internal.invokers.MethodInvocationHelper.invokeMethod(MethodInvocationHelper.java:139)
at org.testng.internal.invokers.TestInvoker.invokeMethod(TestInvoker.java:677)
at org.testng.internal.invokers.TestInvoker.invokeTestMethod(TestInvoker.java:221)
at org.testng.internal.invokers.MethodRunner.runInSequence(MethodRunner.java:50)
at org.testng.internal.invokers.TestInvoker$MethodInvocationAgent.invoke(TestInvoker.java:962)
at org.testng.internal.invokers.TestInvoker.invokeTestMethods(TestInvoker.java:194)
at org.testng.internal.invokers.TestMethodWorker.invokeTestMethods(TestMethodWorker.java:148)
at org.testng.internal.invokers.TestMethodWorker.run(TestMethodWorker.java:128)
at java.base/java.util.ArrayList.forEach(ArrayList.java:1597)
at org.testng.TestRunner.privateRun(TestRunner.java:806)
at org.testng.TestRunner.run(TestRunner.java:601)
at org.testng.SuiteRunner.runTest(SuiteRunner.java:433)
at org.testng.SuiteRunner.runSequentially(SuiteRunner.java:427)
at org.testng.SuiteRunner.privateRun(SuiteRunner.java:387)
at org.testng.SuiteRunner.run(SuiteRunner.java:330)
at org.testng.SuiteRunnerWorker.runSuite(SuiteRunnerWorker.java:52)
at org.testng.SuiteRunnerWorker.run(SuiteRunnerWorker.java:95)
at org.testng.TestNG.runSuitesSequentially(TestNG.java:1256)
at org.testng.TestNG.runSuitesLocally(TestNG.java:1176)
at org.testng.TestNG.runSuites(TestNG.java:1099)
at org.testng.TestNG.run(TestNG.java:1067)
at org.testng.remote.AbstractRemoteTestNG.run(AbstractRemoteTestNG.java:115)
at org.testng.remote.RemoteTestNG.initAndRun(RemoteTestNG.java:293)
at org.testng.remote.RemoteTestNG.main(RemoteTestNG.java:91)
]]>
    </failure>
  </testcase> <!-- b_adminCouponAllActionTest -->
  <testcase classname="Sprint_5_Negative.b_CouponsAllActions" name="a_couponListAllActionsTest" time="0.0">
    <ignored/>
  </testcase> <!-- a_couponListAllActionsTest -->
</testsuite> <!-- Default test -->
