<?xml version="1.0" encoding="UTF-8"?>
<!-- Generated by org.testng.reporters.JUnitXMLReporter -->
<testsuite ignored="0" hostname="DESKTOP-Ayesha" failures="0" tests="5" name="Default test" time="370.114" errors="0" timestamp="2024-07-15T16:54:21 IST">
  <testcase classname="Sprint_8_Positive.Settings" name="SettingsAppManagement" time="13.374"/>
  <testcase classname="Sprint_8_Positive.Settings" name="SettingsFmsUsers" time="78.582"/>
  <testcase classname="Sprint_8_Positive.Settings" name="SettingsOtpList" time="22.409"/>
  <testcase classname="Sprint_8_Positive.Settings" name="SettingsPaymentManagemet" time="33.514"/>
  <testcase classname="Sprint_8_Positive.Settings" name="SettingsRole" time="60.218"/>
</testsuite> <!-- Default test -->
