<?xml version="1.0" encoding="UTF-8"?>
<!-- Generated by org.testng.reporters.JUnitXMLReporter -->
<testsuite ignored="8" hostname="Vicky" failures="0" tests="6" name="Test" time="769.465" errors="0" timestamp="2024-06-28T18:10:45 IST">
  <testcase classname="Sprint_7_Positive.a_Adding_CategorySubCategoryProduct_In_Fms" name="a_addingCategorySubCategoryAndProductInFmsTest" time="383.041"/>
  <testcase classname="Sprint_7_Positive.b_MatrikaLoginAndCheckingProductAvailable" name="b_loginToMatrikaAndCheckingProductIsAvailabilityTest" time="4.078"/>
  <testcase classname="Sprint_7_Positive.c_Deleting_CategorySubCategoryAndProduct_In_Fms" name="c_DeletingCategorySubCategoryProductInFmsTest" time="36.712"/>
  <testcase classname="Sprint_7_Positive.d_MatrikaLoginAndCheckingProductDeleted" name="b_loginToMatrikaAndCheckingProductDeletedOrNotTest" time="4.071"/>
  <testcase classname="Sprint_7_Positive.e_Adding_Giftcard_In_FMS" name="a_addingGiftCardInFmsTest" time="41.259"/>
  <testcase classname="Sprint_7_Positive.f_CheckingGiftCardInMatrika" name="b_checkingGiftCardInMatrikaTest" time="0.641"/>
  <testcase classname="genericUtility.BaseClass_Matrika" name="@BeforeSuite bsConfig" time="0.0">
    <ignored/>
  </testcase> <!-- @BeforeSuite bsConfig -->
  <testcase classname="genericUtility.BaseClass_Matrika" name="@AfterSuite asConfig" time="0.0">
    <ignored/>
  </testcase> <!-- @AfterSuite asConfig -->
  <testcase classname="genericUtility.BaseClass_Matrika" name="@BeforeSuite bsConfig" time="0.0">
    <ignored/>
  </testcase> <!-- @BeforeSuite bsConfig -->
  <testcase classname="genericUtility.FMS_BaseClass" name="@BeforeSuite bsConfig" time="0.0">
    <ignored/>
  </testcase> <!-- @BeforeSuite bsConfig -->
  <testcase classname="genericUtility.FMS_BaseClass" name="@AfterSuite asConfig" time="0.0">
    <ignored/>
  </testcase> <!-- @AfterSuite asConfig -->
  <testcase classname="genericUtility.FMS_BaseClass" name="@AfterSuite asConfig" time="0.0">
    <ignored/>
  </testcase> <!-- @AfterSuite asConfig -->
  <testcase classname="genericUtility.FMS_BaseClass" name="@BeforeSuite bsConfig" time="0.0">
    <ignored/>
  </testcase> <!-- @BeforeSuite bsConfig -->
  <testcase classname="genericUtility.BaseClass_Matrika" name="@AfterSuite asConfig" time="0.0">
    <ignored/>
  </testcase> <!-- @AfterSuite asConfig -->
</testsuite> <!-- Test -->
