<?xml version="1.0" encoding="UTF-8"?>
<!-- Generated by org.testng.reporters.JUnitXMLReporter -->
<testsuite ignored="10" hostname="Vicky" failures="0" tests="7" name="Test" time="745.166" errors="0" timestamp="2024-06-10T14:32:48 IST">
  <testcase classname="Sprint_6_Negative.a_DashboardAllActions" name="dashboardTransactionReportsTest" time="24.5"/>
  <testcase classname="Sprint_6_Negative.f_TradingAllActions" name="TradingAllActionsTest" time="29.708"/>
  <testcase classname="Sprint_6_Negative.d_NotificationAllActions" name="notificationsAllActionsTest" time="74.254"/>
  <testcase classname="Sprint_6_Negative.g_EventsAllActions" name="eventsAllActionsTest" time="42.694"/>
  <testcase classname="Sprint_6_Negative.e_TransactionsAllActions" name="TransactionsAllActionsTest" time="194.054"/>
  <testcase classname="Sprint_6_Negative.b_UsersAllActions" name="userAllActionsTest" time="126.51"/>
  <testcase classname="Sprint_6_Negative.b_UsersAllActions" name="userKyc" time="22.49"/>
  <testcase classname="genericUtility.FMS_BaseClass" name="@BeforeSuite bsConfig" time="0.0">
    <ignored/>
  </testcase> <!-- @BeforeSuite bsConfig -->
  <testcase classname="genericUtility.FMS_BaseClass" name="@BeforeSuite bsConfig" time="0.0">
    <ignored/>
  </testcase> <!-- @BeforeSuite bsConfig -->
  <testcase classname="genericUtility.FMS_BaseClass" name="@BeforeSuite bsConfig" time="0.0">
    <ignored/>
  </testcase> <!-- @BeforeSuite bsConfig -->
  <testcase classname="genericUtility.FMS_BaseClass" name="@BeforeSuite bsConfig" time="0.0">
    <ignored/>
  </testcase> <!-- @BeforeSuite bsConfig -->
  <testcase classname="genericUtility.FMS_BaseClass" name="@AfterSuite asConfig" time="0.0">
    <ignored/>
  </testcase> <!-- @AfterSuite asConfig -->
  <testcase classname="genericUtility.FMS_BaseClass" name="@AfterSuite asConfig" time="0.0">
    <ignored/>
  </testcase> <!-- @AfterSuite asConfig -->
  <testcase classname="genericUtility.FMS_BaseClass" name="@AfterSuite asConfig" time="0.0">
    <ignored/>
  </testcase> <!-- @AfterSuite asConfig -->
  <testcase classname="genericUtility.FMS_BaseClass" name="@AfterSuite asConfig" time="0.0">
    <ignored/>
  </testcase> <!-- @AfterSuite asConfig -->
  <testcase classname="genericUtility.FMS_BaseClass" name="@BeforeSuite bsConfig" time="0.0">
    <ignored/>
  </testcase> <!-- @BeforeSuite bsConfig -->
  <testcase classname="genericUtility.FMS_BaseClass" name="@AfterSuite asConfig" time="0.0">
    <ignored/>
  </testcase> <!-- @AfterSuite asConfig -->
</testsuite> <!-- Test -->
