<?xml version="1.0" encoding="UTF-8"?>
<!-- Generated by org.testng.reporters.JUnitXMLReporter -->
<testsuite ignored="4" hostname="Vicky" failures="0" tests="4" name="Test" time="283.653" errors="0" timestamp="2024-06-15T11:09:09 IST">
  <testcase classname="Sprint_7_Positive.a_Adding_CategorySubCategoryProduct_In_Fms" name="a_addingCategorySubCategoryAndProductTest" time="103.527"/>
  <testcase classname="Sprint_7_Positive.b_MatrikaLoginAndCheckingProductAvailable" name="b_loginAndProductAvailabilityCheckingTest" time="4.095"/>
  <testcase classname="Sprint_7_Positive.c_Deleting_CategorySubCategoryAndProduct_In_Fms" name="deletingCategorySubCategoryProductInFmsTest" time="21.433"/>
  <testcase classname="Sprint_7_Positive.d_MatrikaLoginAndCheckingProductDeleted" name="b_loginAndProductDeletedRnotCheckingTest" time="4.048"/>
  <testcase classname="genericUtility.BaseClass_Matrika" name="@AfterSuite asConfig" time="0.0">
    <ignored/>
  </testcase> <!-- @AfterSuite asConfig -->
  <testcase classname="genericUtility.BaseClass_Matrika" name="@BeforeSuite bsConfig" time="0.0">
    <ignored/>
  </testcase> <!-- @BeforeSuite bsConfig -->
  <testcase classname="genericUtility.FMS_BaseClass" name="@BeforeSuite bsConfig" time="0.0">
    <ignored/>
  </testcase> <!-- @BeforeSuite bsConfig -->
  <testcase classname="genericUtility.FMS_BaseClass" name="@AfterSuite asConfig" time="0.0">
    <ignored/>
  </testcase> <!-- @AfterSuite asConfig -->
</testsuite> <!-- Test -->
