<?xml version="1.0" encoding="UTF-8"?>
<testng-results ignored="0" total="1" passed="1" failed="0" skipped="0">
  <reporter-output>
  </reporter-output>
  <suite started-at="2024-09-21T12:35:55 IST" name="Default suite" finished-at="2024-09-21T12:46:01 IST" duration-ms="605952">
    <groups>
    </groups>
    <test started-at="2024-09-21T12:35:55 IST" name="Default test" finished-at="2024-09-21T12:46:01 IST" duration-ms="605952">
      <class name="Sprint_11_Negative.Schemes_FmsUsersModules">
        <test-method is-config="true" signature="bsConfig()[pri:0, instance:Sprint_11_Negative.Schemes_FmsUsersModules@35841320]" started-at="2024-09-21T12:35:55 IST" name="bsConfig" finished-at="2024-09-21T12:35:55 IST" duration-ms="11" status="PASS">
          <reporter-output>
          </reporter-output>
        </test-method> <!-- bsConfig -->
        <test-method is-config="true" signature="bcConfig()[pri:0, instance:Sprint_11_Negative.Schemes_FmsUsersModules@35841320]" started-at="2024-09-21T12:35:55 IST" name="bcConfig" finished-at="2024-09-21T12:36:05 IST" duration-ms="10375" status="PASS">
          <reporter-output>
          </reporter-output>
        </test-method> <!-- bcConfig -->
        <test-method is-config="true" signature="bmConfig()[pri:0, instance:Sprint_11_Negative.Schemes_FmsUsersModules@35841320]" started-at="2024-09-21T12:36:05 IST" name="bmConfig" finished-at="2024-09-21T12:36:23 IST" duration-ms="17534" status="PASS">
          <reporter-output>
          </reporter-output>
        </test-method> <!-- bmConfig -->
        <test-method signature="SchemesNegative()[pri:0, instance:Sprint_11_Negative.Schemes_FmsUsersModules@35841320]" started-at="2024-09-21T12:36:23 IST" name="SchemesNegative" finished-at="2024-09-21T12:45:47 IST" duration-ms="564552" status="PASS">
          <reporter-output>
          </reporter-output>
        </test-method> <!-- SchemesNegative -->
        <test-method is-config="true" signature="amConfig()[pri:0, instance:Sprint_11_Negative.Schemes_FmsUsersModules@35841320]" started-at="2024-09-21T12:45:47 IST" name="amConfig" finished-at="2024-09-21T12:45:59 IST" duration-ms="11780" status="PASS">
          <reporter-output>
          </reporter-output>
        </test-method> <!-- amConfig -->
        <test-method is-config="true" signature="acConfig()[pri:0, instance:Sprint_11_Negative.Schemes_FmsUsersModules@35841320]" started-at="2024-09-21T12:45:59 IST" name="acConfig" finished-at="2024-09-21T12:46:01 IST" duration-ms="1637" status="PASS">
          <reporter-output>
          </reporter-output>
        </test-method> <!-- acConfig -->
        <test-method is-config="true" signature="asConfig()[pri:0, instance:Sprint_11_Negative.Schemes_FmsUsersModules@35841320]" started-at="2024-09-21T12:46:01 IST" name="asConfig" finished-at="2024-09-21T12:46:01 IST" duration-ms="1" status="PASS">
          <reporter-output>
          </reporter-output>
        </test-method> <!-- asConfig -->
      </class> <!-- Sprint_11_Negative.Schemes_FmsUsersModules -->
    </test> <!-- Default test -->
  </suite> <!-- Default suite -->
</testng-results>
