<?xml version="1.0" encoding="UTF-8"?>
<testng-results ignored="8" total="14" passed="6" failed="0" skipped="0">
  <reporter-output>
  </reporter-output>
  <suite started-at="2024-06-27T12:13:55 IST" name="Suite" finished-at="2024-06-27T12:25:56 IST" duration-ms="721428">
    <groups>
    </groups>
    <test started-at="2024-06-27T12:13:55 IST" name="Test" finished-at="2024-06-27T12:25:56 IST" duration-ms="721428">
      <class name="Sprint_7_Positive.d_MatrikaLoginAndCheckingProductDeleted">
        <test-method is-config="true" signature="bcConfig()[pri:0, instance:Sprint_7_Positive.d_MatrikaLoginAndCheckingProductDeleted@5542c4ed]" started-at="2024-06-27T12:22:56 IST" name="bcConfig" finished-at="2024-06-27T12:23:15 IST" duration-ms="19486" status="PASS">
          <reporter-output>
          </reporter-output>
        </test-method> <!-- bcConfig -->
        <test-method is-config="true" signature="bmConfig()[pri:0, instance:Sprint_7_Positive.d_MatrikaLoginAndCheckingProductDeleted@5542c4ed]" started-at="2024-06-27T12:23:15 IST" name="bmConfig" finished-at="2024-06-27T12:23:30 IST" duration-ms="14482" status="PASS">
          <reporter-output>
          </reporter-output>
        </test-method> <!-- bmConfig -->
        <test-method signature="b_loginToMatrikaAndCheckingProductDeletedOrNotTest()[pri:0, instance:Sprint_7_Positive.d_MatrikaLoginAndCheckingProductDeleted@5542c4ed]" started-at="2024-06-27T12:23:30 IST" name="b_loginToMatrikaAndCheckingProductDeletedOrNotTest" finished-at="2024-06-27T12:23:34 IST" duration-ms="4081" status="PASS">
          <reporter-output>
          </reporter-output>
        </test-method> <!-- b_loginToMatrikaAndCheckingProductDeletedOrNotTest -->
        <test-method is-config="true" signature="amConfig()[pri:0, instance:Sprint_7_Positive.d_MatrikaLoginAndCheckingProductDeleted@5542c4ed]" started-at="2024-06-27T12:23:34 IST" name="amConfig" finished-at="2024-06-27T12:23:46 IST" duration-ms="12025" status="PASS">
          <reporter-output>
          </reporter-output>
        </test-method> <!-- amConfig -->
        <test-method is-config="true" signature="acConfig()[pri:0, instance:Sprint_7_Positive.d_MatrikaLoginAndCheckingProductDeleted@5542c4ed]" started-at="2024-06-27T12:23:46 IST" name="acConfig" finished-at="2024-06-27T12:23:47 IST" duration-ms="1381" status="PASS">
          <reporter-output>
          </reporter-output>
        </test-method> <!-- acConfig -->
      </class> <!-- Sprint_7_Positive.d_MatrikaLoginAndCheckingProductDeleted -->
      <class name="Sprint_7_Positive.c_Deleting_CategorySubCategoryAndProduct_In_Fms">
        <test-method is-config="true" signature="bcConfig()[pri:0, instance:Sprint_7_Positive.c_Deleting_CategorySubCategoryAndProduct_In_Fms@815b41f]" started-at="2024-06-27T12:21:38 IST" name="bcConfig" finished-at="2024-06-27T12:21:49 IST" duration-ms="10637" status="PASS">
          <reporter-output>
          </reporter-output>
        </test-method> <!-- bcConfig -->
        <test-method is-config="true" signature="bmConfig()[pri:0, instance:Sprint_7_Positive.c_Deleting_CategorySubCategoryAndProduct_In_Fms@815b41f]" started-at="2024-06-27T12:21:49 IST" name="bmConfig" finished-at="2024-06-27T12:22:06 IST" duration-ms="17338" status="PASS">
          <reporter-output>
          </reporter-output>
        </test-method> <!-- bmConfig -->
        <test-method signature="c_DeletingCategorySubCategoryProductInFmsTest()[pri:0, instance:Sprint_7_Positive.c_Deleting_CategorySubCategoryAndProduct_In_Fms@815b41f]" started-at="2024-06-27T12:22:06 IST" name="c_DeletingCategorySubCategoryProductInFmsTest" finished-at="2024-06-27T12:22:43 IST" duration-ms="36877" status="PASS">
          <reporter-output>
          </reporter-output>
        </test-method> <!-- c_DeletingCategorySubCategoryProductInFmsTest -->
        <test-method is-config="true" signature="amConfig()[pri:0, instance:Sprint_7_Positive.c_Deleting_CategorySubCategoryAndProduct_In_Fms@815b41f]" started-at="2024-06-27T12:22:43 IST" name="amConfig" finished-at="2024-06-27T12:22:55 IST" duration-ms="11900" status="PASS">
          <reporter-output>
          </reporter-output>
        </test-method> <!-- amConfig -->
        <test-method is-config="true" signature="acConfig()[pri:0, instance:Sprint_7_Positive.c_Deleting_CategorySubCategoryAndProduct_In_Fms@815b41f]" started-at="2024-06-27T12:22:55 IST" name="acConfig" finished-at="2024-06-27T12:22:56 IST" duration-ms="1359" status="PASS">
          <reporter-output>
          </reporter-output>
        </test-method> <!-- acConfig -->
      </class> <!-- Sprint_7_Positive.c_Deleting_CategorySubCategoryAndProduct_In_Fms -->
      <class name="Sprint_7_Positive.f_CheckingGiftCardInMatrika">
        <test-method is-config="true" signature="bcConfig()[pri:0, instance:Sprint_7_Positive.f_CheckingGiftCardInMatrika@6150c3ec]" started-at="2024-06-27T12:25:10 IST" name="bcConfig" finished-at="2024-06-27T12:25:28 IST" duration-ms="17125" status="PASS">
          <reporter-output>
          </reporter-output>
        </test-method> <!-- bcConfig -->
        <test-method is-config="true" signature="bmConfig()[pri:0, instance:Sprint_7_Positive.f_CheckingGiftCardInMatrika@6150c3ec]" started-at="2024-06-27T12:25:28 IST" name="bmConfig" finished-at="2024-06-27T12:25:42 IST" duration-ms="14410" status="PASS">
          <reporter-output>
          </reporter-output>
        </test-method> <!-- bmConfig -->
        <test-method signature="b_checkingGiftCardInMatrikaTest()[pri:0, instance:Sprint_7_Positive.f_CheckingGiftCardInMatrika@6150c3ec]" started-at="2024-06-27T12:25:42 IST" name="b_checkingGiftCardInMatrikaTest" finished-at="2024-06-27T12:25:43 IST" duration-ms="587" status="PASS">
          <reporter-output>
          </reporter-output>
        </test-method> <!-- b_checkingGiftCardInMatrikaTest -->
        <test-method is-config="true" signature="amConfig()[pri:0, instance:Sprint_7_Positive.f_CheckingGiftCardInMatrika@6150c3ec]" started-at="2024-06-27T12:25:43 IST" name="amConfig" finished-at="2024-06-27T12:25:55 IST" duration-ms="12132" status="PASS">
          <reporter-output>
          </reporter-output>
        </test-method> <!-- amConfig -->
        <test-method is-config="true" signature="acConfig()[pri:0, instance:Sprint_7_Positive.f_CheckingGiftCardInMatrika@6150c3ec]" started-at="2024-06-27T12:25:55 IST" name="acConfig" finished-at="2024-06-27T12:25:56 IST" duration-ms="1330" status="PASS">
          <reporter-output>
          </reporter-output>
        </test-method> <!-- acConfig -->
      </class> <!-- Sprint_7_Positive.f_CheckingGiftCardInMatrika -->
      <class name="Sprint_7_Positive.e_Adding_Giftcard_In_FMS">
        <test-method is-config="true" signature="bcConfig()[pri:0, instance:Sprint_7_Positive.e_Adding_Giftcard_In_FMS@1573f9fc]" started-at="2024-06-27T12:23:47 IST" name="bcConfig" finished-at="2024-06-27T12:23:59 IST" duration-ms="11162" status="PASS">
          <reporter-output>
          </reporter-output>
        </test-method> <!-- bcConfig -->
        <test-method is-config="true" signature="bmConfig()[pri:0, instance:Sprint_7_Positive.e_Adding_Giftcard_In_FMS@1573f9fc]" started-at="2024-06-27T12:23:59 IST" name="bmConfig" finished-at="2024-06-27T12:24:16 IST" duration-ms="17326" status="PASS">
          <reporter-output>
          </reporter-output>
        </test-method> <!-- bmConfig -->
        <test-method signature="a_addingGiftCardInFmsTest()[pri:0, instance:Sprint_7_Positive.e_Adding_Giftcard_In_FMS@1573f9fc]" started-at="2024-06-27T12:24:16 IST" name="a_addingGiftCardInFmsTest" finished-at="2024-06-27T12:24:58 IST" duration-ms="41624" status="PASS">
          <reporter-output>
          </reporter-output>
        </test-method> <!-- a_addingGiftCardInFmsTest -->
        <test-method is-config="true" signature="amConfig()[pri:0, instance:Sprint_7_Positive.e_Adding_Giftcard_In_FMS@1573f9fc]" started-at="2024-06-27T12:24:58 IST" name="amConfig" finished-at="2024-06-27T12:25:09 IST" duration-ms="11462" status="PASS">
          <reporter-output>
          </reporter-output>
        </test-method> <!-- amConfig -->
        <test-method is-config="true" signature="acConfig()[pri:0, instance:Sprint_7_Positive.e_Adding_Giftcard_In_FMS@1573f9fc]" started-at="2024-06-27T12:25:09 IST" name="acConfig" finished-at="2024-06-27T12:25:10 IST" duration-ms="1331" status="PASS">
          <reporter-output>
          </reporter-output>
        </test-method> <!-- acConfig -->
      </class> <!-- Sprint_7_Positive.e_Adding_Giftcard_In_FMS -->
      <class name="Sprint_7_Positive.a_Adding_CategorySubCategoryProduct_In_Fms">
        <test-method is-config="true" signature="bsConfig()[pri:0, instance:Sprint_7_Positive.a_Adding_CategorySubCategoryProduct_In_Fms@6025e1b6]" started-at="2024-06-27T12:13:55 IST" name="bsConfig" finished-at="2024-06-27T12:13:55 IST" duration-ms="0" status="PASS">
          <reporter-output>
          </reporter-output>
        </test-method> <!-- bsConfig -->
        <test-method is-config="true" signature="bcConfig()[pri:0, instance:Sprint_7_Positive.a_Adding_CategorySubCategoryProduct_In_Fms@6025e1b6]" started-at="2024-06-27T12:13:55 IST" name="bcConfig" finished-at="2024-06-27T12:13:58 IST" duration-ms="2843" status="PASS">
          <reporter-output>
          </reporter-output>
        </test-method> <!-- bcConfig -->
        <test-method is-config="true" signature="bmConfig()[pri:0, instance:Sprint_7_Positive.a_Adding_CategorySubCategoryProduct_In_Fms@6025e1b6]" started-at="2024-06-27T12:13:58 IST" name="bmConfig" finished-at="2024-06-27T12:14:16 IST" duration-ms="18676" status="PASS">
          <reporter-output>
          </reporter-output>
        </test-method> <!-- bmConfig -->
        <test-method signature="a_addingCategorySubCategoryAndProductInFmsTest()[pri:0, instance:Sprint_7_Positive.a_Adding_CategorySubCategoryProduct_In_Fms@6025e1b6]" started-at="2024-06-27T12:14:16 IST" name="a_addingCategorySubCategoryAndProductInFmsTest" finished-at="2024-06-27T12:20:36 IST" duration-ms="379431" status="PASS">
          <reporter-output>
          </reporter-output>
        </test-method> <!-- a_addingCategorySubCategoryAndProductInFmsTest -->
        <test-method is-config="true" signature="amConfig()[pri:0, instance:Sprint_7_Positive.a_Adding_CategorySubCategoryProduct_In_Fms@6025e1b6]" started-at="2024-06-27T12:20:36 IST" name="amConfig" finished-at="2024-06-27T12:20:48 IST" duration-ms="11837" status="PASS">
          <reporter-output>
          </reporter-output>
        </test-method> <!-- amConfig -->
        <test-method is-config="true" signature="acConfig()[pri:0, instance:Sprint_7_Positive.a_Adding_CategorySubCategoryProduct_In_Fms@6025e1b6]" started-at="2024-06-27T12:20:48 IST" name="acConfig" finished-at="2024-06-27T12:20:49 IST" duration-ms="1533" status="PASS">
          <reporter-output>
          </reporter-output>
        </test-method> <!-- acConfig -->
        <test-method is-config="true" signature="asConfig()[pri:0, instance:Sprint_7_Positive.a_Adding_CategorySubCategoryProduct_In_Fms@6025e1b6]" started-at="2024-06-27T12:25:57 IST" name="asConfig" finished-at="2024-06-27T12:25:57 IST" duration-ms="0" status="PASS">
          <reporter-output>
          </reporter-output>
        </test-method> <!-- asConfig -->
      </class> <!-- Sprint_7_Positive.a_Adding_CategorySubCategoryProduct_In_Fms -->
      <class name="Sprint_7_Positive.b_MatrikaLoginAndCheckingProductAvailable">
        <test-method is-config="true" signature="bsConfig()[pri:0, instance:Sprint_7_Positive.b_MatrikaLoginAndCheckingProductAvailable@3b69e7d1]" started-at="2024-06-27T12:13:55 IST" name="bsConfig" finished-at="2024-06-27T12:13:55 IST" duration-ms="10" status="PASS">
          <reporter-output>
          </reporter-output>
        </test-method> <!-- bsConfig -->
        <test-method is-config="true" signature="bcConfig()[pri:0, instance:Sprint_7_Positive.b_MatrikaLoginAndCheckingProductAvailable@3b69e7d1]" started-at="2024-06-27T12:20:49 IST" name="bcConfig" finished-at="2024-06-27T12:21:05 IST" duration-ms="15736" status="PASS">
          <reporter-output>
          </reporter-output>
        </test-method> <!-- bcConfig -->
        <test-method is-config="true" signature="bmConfig()[pri:0, instance:Sprint_7_Positive.b_MatrikaLoginAndCheckingProductAvailable@3b69e7d1]" started-at="2024-06-27T12:21:05 IST" name="bmConfig" finished-at="2024-06-27T12:21:19 IST" duration-ms="14451" status="PASS">
          <reporter-output>
          </reporter-output>
        </test-method> <!-- bmConfig -->
        <test-method signature="b_loginToMatrikaAndCheckingProductIsAvailabilityTest()[pri:0, instance:Sprint_7_Positive.b_MatrikaLoginAndCheckingProductAvailable@3b69e7d1]" started-at="2024-06-27T12:21:19 IST" name="b_loginToMatrikaAndCheckingProductIsAvailabilityTest" finished-at="2024-06-27T12:21:23 IST" duration-ms="4065" status="PASS">
          <reporter-output>
          </reporter-output>
        </test-method> <!-- b_loginToMatrikaAndCheckingProductIsAvailabilityTest -->
        <test-method is-config="true" signature="amConfig()[pri:0, instance:Sprint_7_Positive.b_MatrikaLoginAndCheckingProductAvailable@3b69e7d1]" started-at="2024-06-27T12:21:23 IST" name="amConfig" finished-at="2024-06-27T12:21:37 IST" duration-ms="13199" status="PASS">
          <reporter-output>
          </reporter-output>
        </test-method> <!-- amConfig -->
        <test-method is-config="true" signature="acConfig()[pri:0, instance:Sprint_7_Positive.b_MatrikaLoginAndCheckingProductAvailable@3b69e7d1]" started-at="2024-06-27T12:21:37 IST" name="acConfig" finished-at="2024-06-27T12:21:38 IST" duration-ms="1360" status="PASS">
          <reporter-output>
          </reporter-output>
        </test-method> <!-- acConfig -->
        <test-method is-config="true" signature="asConfig()[pri:0, instance:Sprint_7_Positive.b_MatrikaLoginAndCheckingProductAvailable@3b69e7d1]" started-at="2024-06-27T12:25:57 IST" name="asConfig" finished-at="2024-06-27T12:25:57 IST" duration-ms="0" status="PASS">
          <reporter-output>
          </reporter-output>
        </test-method> <!-- asConfig -->
      </class> <!-- Sprint_7_Positive.b_MatrikaLoginAndCheckingProductAvailable -->
    </test> <!-- Test -->
  </suite> <!-- Suite -->
</testng-results>
