<?xml version="1.0" encoding="UTF-8"?>
<testng-results ignored="10" total="17" passed="5" failed="1" skipped="1">
  <reporter-output>
  </reporter-output>
  <suite started-at="2024-06-10T16:16:26 IST" name="Suite" finished-at="2024-06-10T16:27:27 IST" duration-ms="660347">
    <groups>
    </groups>
    <test started-at="2024-06-10T16:16:26 IST" name="Test" finished-at="2024-06-10T16:27:27 IST" duration-ms="660347">
      <class name="Sprint_6_Negative.d_NotificationAllActions">
        <test-method is-config="true" signature="bcConfig()[pri:0, instance:Sprint_6_Negative.d_NotificationAllActions@1573f9fc]" started-at="2024-06-10T16:21:46 IST" name="bcConfig" finished-at="2024-06-10T16:21:48 IST" duration-ms="1460" status="PASS">
          <reporter-output>
          </reporter-output>
        </test-method> <!-- bcConfig -->
        <test-method is-config="true" signature="bmConfig()[pri:0, instance:Sprint_6_Negative.d_NotificationAllActions@1573f9fc]" started-at="2024-06-10T16:21:48 IST" name="bmConfig" finished-at="2024-06-10T16:22:05 IST" duration-ms="17327" status="PASS">
          <reporter-output>
          </reporter-output>
        </test-method> <!-- bmConfig -->
        <test-method signature="notificationsAllActionsTest()[pri:0, instance:Sprint_6_Negative.d_NotificationAllActions@1573f9fc]" started-at="2024-06-10T16:22:05 IST" name="notificationsAllActionsTest" finished-at="2024-06-10T16:23:22 IST" duration-ms="77264" status="PASS">
          <reporter-output>
          </reporter-output>
        </test-method> <!-- notificationsAllActionsTest -->
        <test-method is-config="true" signature="amConfig()[pri:0, instance:Sprint_6_Negative.d_NotificationAllActions@1573f9fc]" started-at="2024-06-10T16:23:22 IST" name="amConfig" finished-at="2024-06-10T16:23:34 IST" duration-ms="12077" status="PASS">
          <reporter-output>
          </reporter-output>
        </test-method> <!-- amConfig -->
        <test-method is-config="true" signature="acConfig()[pri:0, instance:Sprint_6_Negative.d_NotificationAllActions@1573f9fc]" started-at="2024-06-10T16:23:34 IST" name="acConfig" finished-at="2024-06-10T16:23:36 IST" duration-ms="1300" status="PASS">
          <reporter-output>
          </reporter-output>
        </test-method> <!-- acConfig -->
      </class> <!-- Sprint_6_Negative.d_NotificationAllActions -->
      <class name="Sprint_6_Negative.f_TradingAllActions">
        <test-method is-config="true" signature="bcConfig()[pri:0, instance:Sprint_6_Negative.f_TradingAllActions@5542c4ed]" started-at="2024-06-10T16:20:40 IST" name="bcConfig" finished-at="2024-06-10T16:20:44 IST" duration-ms="4414" status="PASS">
          <reporter-output>
          </reporter-output>
        </test-method> <!-- bcConfig -->
        <test-method is-config="true" signature="bmConfig()[pri:0, instance:Sprint_6_Negative.f_TradingAllActions@5542c4ed]" started-at="2024-06-10T16:20:44 IST" name="bmConfig" finished-at="2024-06-10T16:21:02 IST" duration-ms="17448" status="PASS">
          <reporter-output>
          </reporter-output>
        </test-method> <!-- bmConfig -->
        <test-method signature="TradingAllActionsTest()[pri:0, instance:Sprint_6_Negative.f_TradingAllActions@5542c4ed]" started-at="2024-06-10T16:21:02 IST" name="TradingAllActionsTest" finished-at="2024-06-10T16:21:33 IST" duration-ms="31042" status="PASS">
          <reporter-output>
          </reporter-output>
        </test-method> <!-- TradingAllActionsTest -->
        <test-method is-config="true" signature="amConfig()[pri:0, instance:Sprint_6_Negative.f_TradingAllActions@5542c4ed]" started-at="2024-06-10T16:21:33 IST" name="amConfig" finished-at="2024-06-10T16:21:45 IST" duration-ms="12034" status="PASS">
          <reporter-output>
          </reporter-output>
        </test-method> <!-- amConfig -->
        <test-method is-config="true" signature="acConfig()[pri:0, instance:Sprint_6_Negative.f_TradingAllActions@5542c4ed]" started-at="2024-06-10T16:21:45 IST" name="acConfig" finished-at="2024-06-10T16:21:46 IST" duration-ms="1230" status="PASS">
          <reporter-output>
          </reporter-output>
        </test-method> <!-- acConfig -->
      </class> <!-- Sprint_6_Negative.f_TradingAllActions -->
      <class name="Sprint_6_Negative.g_EventsAllActions">
        <test-method is-config="true" signature="bcConfig()[pri:0, instance:Sprint_6_Negative.g_EventsAllActions@815b41f]" started-at="2024-06-10T16:19:22 IST" name="bcConfig" finished-at="2024-06-10T16:19:23 IST" duration-ms="1685" status="PASS">
          <reporter-output>
          </reporter-output>
        </test-method> <!-- bcConfig -->
        <test-method is-config="true" signature="bmConfig()[pri:0, instance:Sprint_6_Negative.g_EventsAllActions@815b41f]" started-at="2024-06-10T16:19:23 IST" name="bmConfig" finished-at="2024-06-10T16:19:41 IST" duration-ms="17404" status="PASS">
          <reporter-output>
          </reporter-output>
        </test-method> <!-- bmConfig -->
        <test-method signature="eventsAllActionsTest()[pri:0, instance:Sprint_6_Negative.g_EventsAllActions@815b41f]" started-at="2024-06-10T16:19:41 IST" name="eventsAllActionsTest" finished-at="2024-06-10T16:20:27 IST" duration-ms="46301" status="PASS">
          <reporter-output>
          </reporter-output>
        </test-method> <!-- eventsAllActionsTest -->
        <test-method is-config="true" signature="amConfig()[pri:0, instance:Sprint_6_Negative.g_EventsAllActions@815b41f]" started-at="2024-06-10T16:20:27 IST" name="amConfig" finished-at="2024-06-10T16:20:39 IST" duration-ms="11761" status="PASS">
          <reporter-output>
          </reporter-output>
        </test-method> <!-- amConfig -->
        <test-method is-config="true" signature="acConfig()[pri:0, instance:Sprint_6_Negative.g_EventsAllActions@815b41f]" started-at="2024-06-10T16:20:39 IST" name="acConfig" finished-at="2024-06-10T16:20:40 IST" duration-ms="1333" status="PASS">
          <reporter-output>
          </reporter-output>
        </test-method> <!-- acConfig -->
      </class> <!-- Sprint_6_Negative.g_EventsAllActions -->
      <class name="Sprint_6_Negative.e_TransactionsAllActions">
        <test-method is-config="true" signature="bcConfig()[pri:0, instance:Sprint_6_Negative.e_TransactionsAllActions@6150c3ec]" started-at="2024-06-10T16:23:36 IST" name="bcConfig" finished-at="2024-06-10T16:23:39 IST" duration-ms="3088" status="PASS">
          <reporter-output>
          </reporter-output>
        </test-method> <!-- bcConfig -->
        <test-method is-config="true" signature="bmConfig()[pri:0, instance:Sprint_6_Negative.e_TransactionsAllActions@6150c3ec]" started-at="2024-06-10T16:23:39 IST" name="bmConfig" finished-at="2024-06-10T16:23:56 IST" duration-ms="17396" status="PASS">
          <reporter-output>
          </reporter-output>
        </test-method> <!-- bmConfig -->
        <test-method signature="TransactionsAllActionsTest()[pri:0, instance:Sprint_6_Negative.e_TransactionsAllActions@6150c3ec]" started-at="2024-06-10T16:23:56 IST" name="TransactionsAllActionsTest" finished-at="2024-06-10T16:27:14 IST" duration-ms="197668" status="PASS">
          <reporter-output>
          </reporter-output>
        </test-method> <!-- TransactionsAllActionsTest -->
        <test-method is-config="true" signature="amConfig()[pri:0, instance:Sprint_6_Negative.e_TransactionsAllActions@6150c3ec]" started-at="2024-06-10T16:27:14 IST" name="amConfig" finished-at="2024-06-10T16:27:25 IST" duration-ms="11555" status="PASS">
          <reporter-output>
          </reporter-output>
        </test-method> <!-- amConfig -->
        <test-method is-config="true" signature="acConfig()[pri:0, instance:Sprint_6_Negative.e_TransactionsAllActions@6150c3ec]" started-at="2024-06-10T16:27:25 IST" name="acConfig" finished-at="2024-06-10T16:27:27 IST" duration-ms="1406" status="PASS">
          <reporter-output>
          </reporter-output>
        </test-method> <!-- acConfig -->
      </class> <!-- Sprint_6_Negative.e_TransactionsAllActions -->
      <class name="Sprint_6_Negative.b_UsersAllActions">
        <test-method is-config="true" signature="bcConfig()[pri:0, instance:Sprint_6_Negative.b_UsersAllActions@3b69e7d1]" started-at="2024-06-10T16:17:29 IST" name="bcConfig" finished-at="2024-06-10T16:17:31 IST" duration-ms="1873" status="PASS">
          <reporter-output>
          </reporter-output>
        </test-method> <!-- bcConfig -->
        <test-method is-config="true" signature="bmConfig()[pri:0, instance:Sprint_6_Negative.b_UsersAllActions@3b69e7d1]" started-at="2024-06-10T16:17:31 IST" name="bmConfig" finished-at="2024-06-10T16:17:48 IST" duration-ms="17306" status="PASS">
          <reporter-output>
          </reporter-output>
        </test-method> <!-- bmConfig -->
        <test-method signature="userAllActionsTest()[pri:0, instance:Sprint_6_Negative.b_UsersAllActions@3b69e7d1]" started-at="2024-06-10T16:17:48 IST" name="userAllActionsTest" finished-at="2024-06-10T16:19:11 IST" duration-ms="83192" status="FAIL">
          <exception class="org.openqa.selenium.NoAlertPresentException">
            <message>
              <![CDATA[no such alert
  (Session info: chrome=125.0.6422.142)
Build info: version: '4.14.1', revision: '03f8ede370'
System info: os.name: 'Windows 11', os.arch: 'amd64', os.version: '10.0', java.version: '18.0.1.1'
Driver info: org.openqa.selenium.chrome.ChromeDriver
Command: [fcf857ecd0004c8d768795f56f3b2d9b, getAlertText {}]
Capabilities {acceptInsecureCerts: false, browserName: chrome, browserVersion: 125.0.6422.142, chrome: {chromedriverVersion: 125.0.6422.141 (4b1e8393712..., userDataDir: C:\WINDOWS\TEMP\scoped_dir2...}, fedcm:accounts: true, goog:chromeOptions: {debuggerAddress: localhost:59669}, networkConnectionEnabled: false, pageLoadStrategy: normal, platformName: windows, proxy: Proxy(), se:cdp: ws://localhost:59669/devtoo..., se:cdpVersion: 125.0.6422.142, setWindowRect: true, strictFileInteractability: false, timeouts: {implicit: 0, pageLoad: 300000, script: 30000}, unhandledPromptBehavior: dismiss and notify, webauthn:extension:credBlob: true, webauthn:extension:largeBlob: true, webauthn:extension:minPinLength: true, webauthn:extension:prf: true, webauthn:virtualAuthenticators: true}
Session ID: fcf857ecd0004c8d768795f56f3b2d9b]]>
            </message>
            <full-stacktrace>
              <![CDATA[org.openqa.selenium.NoAlertPresentException: no such alert
  (Session info: chrome=125.0.6422.142)
Build info: version: '4.14.1', revision: '03f8ede370'
System info: os.name: 'Windows 11', os.arch: 'amd64', os.version: '10.0', java.version: '18.0.1.1'
Driver info: org.openqa.selenium.chrome.ChromeDriver
Command: [fcf857ecd0004c8d768795f56f3b2d9b, getAlertText {}]
Capabilities {acceptInsecureCerts: false, browserName: chrome, browserVersion: 125.0.6422.142, chrome: {chromedriverVersion: 125.0.6422.141 (4b1e8393712..., userDataDir: C:\WINDOWS\TEMP\scoped_dir2...}, fedcm:accounts: true, goog:chromeOptions: {debuggerAddress: localhost:59669}, networkConnectionEnabled: false, pageLoadStrategy: normal, platformName: windows, proxy: Proxy(), se:cdp: ws://localhost:59669/devtoo..., se:cdpVersion: 125.0.6422.142, setWindowRect: true, strictFileInteractability: false, timeouts: {implicit: 0, pageLoad: 300000, script: 30000}, unhandledPromptBehavior: dismiss and notify, webauthn:extension:credBlob: true, webauthn:extension:largeBlob: true, webauthn:extension:minPinLength: true, webauthn:extension:prf: true, webauthn:virtualAuthenticators: true}
Session ID: fcf857ecd0004c8d768795f56f3b2d9b
at java.base/jdk.internal.reflect.DirectConstructorHandleAccessor.newInstance(DirectConstructorHandleAccessor.java:67)
at java.base/java.lang.reflect.Constructor.newInstanceWithCaller(Constructor.java:499)
at java.base/java.lang.reflect.Constructor.newInstance(Constructor.java:483)
at org.openqa.selenium.remote.codec.w3c.W3CHttpResponseCodec.createException(W3CHttpResponseCodec.java:200)
at org.openqa.selenium.remote.codec.w3c.W3CHttpResponseCodec.decode(W3CHttpResponseCodec.java:133)
at org.openqa.selenium.remote.codec.w3c.W3CHttpResponseCodec.decode(W3CHttpResponseCodec.java:52)
at org.openqa.selenium.remote.HttpCommandExecutor.execute(HttpCommandExecutor.java:191)
at org.openqa.selenium.remote.service.DriverCommandExecutor.invokeExecute(DriverCommandExecutor.java:200)
at org.openqa.selenium.remote.service.DriverCommandExecutor.execute(DriverCommandExecutor.java:175)
at org.openqa.selenium.remote.RemoteWebDriver.execute(RemoteWebDriver.java:602)
at org.openqa.selenium.remote.RemoteWebDriver.execute(RemoteWebDriver.java:675)
at org.openqa.selenium.remote.RemoteWebDriver.execute(RemoteWebDriver.java:679)
at org.openqa.selenium.remote.RemoteWebDriver$RemoteTargetLocator.alert(RemoteWebDriver.java:1202)
at objectRepository.Users_UserList_AllUsers_ParticularUserInfo_AddGoldPage.addingGold(Users_UserList_AllUsers_ParticularUserInfo_AddGoldPage.java:125)
at Sprint_6_Negative.b_UsersAllActions.userAllActionsTest(b_UsersAllActions.java:65)
at java.base/jdk.internal.reflect.DirectMethodHandleAccessor.invoke(DirectMethodHandleAccessor.java:104)
at java.base/java.lang.reflect.Method.invoke(Method.java:577)
at org.testng.internal.invokers.MethodInvocationHelper.invokeMethod(MethodInvocationHelper.java:139)
at org.testng.internal.invokers.TestInvoker.invokeMethod(TestInvoker.java:677)
at org.testng.internal.invokers.TestInvoker.invokeTestMethod(TestInvoker.java:221)
at org.testng.internal.invokers.MethodRunner.runInSequence(MethodRunner.java:50)
at org.testng.internal.invokers.TestInvoker$MethodInvocationAgent.invoke(TestInvoker.java:962)
at org.testng.internal.invokers.TestInvoker.invokeTestMethods(TestInvoker.java:194)
at org.testng.internal.invokers.TestMethodWorker.invokeTestMethods(TestMethodWorker.java:148)
at org.testng.internal.invokers.TestMethodWorker.run(TestMethodWorker.java:128)
at java.base/java.util.ArrayList.forEach(ArrayList.java:1511)
at org.testng.TestRunner.privateRun(TestRunner.java:806)
at org.testng.TestRunner.run(TestRunner.java:601)
at org.testng.SuiteRunner.runTest(SuiteRunner.java:433)
at org.testng.SuiteRunner$SuiteWorker.run(SuiteRunner.java:471)
at org.testng.internal.thread.ThreadUtil.lambda$execute$0(ThreadUtil.java:58)
at java.base/java.util.concurrent.FutureTask.run(FutureTask.java:264)
at java.base/java.util.concurrent.ThreadPoolExecutor.runWorker(ThreadPoolExecutor.java:1136)
at java.base/java.util.concurrent.ThreadPoolExecutor$Worker.run(ThreadPoolExecutor.java:635)
at java.base/java.lang.Thread.run(Thread.java:833)
]]>
            </full-stacktrace>
          </exception> <!-- org.openqa.selenium.NoAlertPresentException -->
          <reporter-output>
          </reporter-output>
        </test-method> <!-- userAllActionsTest -->
        <test-method is-config="true" signature="amConfig()[pri:0, instance:Sprint_6_Negative.b_UsersAllActions@3b69e7d1]" started-at="2024-06-10T16:19:11 IST" name="amConfig" finished-at="2024-06-10T16:19:22 IST" duration-ms="10272" status="FAIL">
          <exception class="org.openqa.selenium.ElementClickInterceptedException">
            <message>
              <![CDATA[element click intercepted: Element <button type="button" class="swal2-confirm swal2-styled swal2-default-outline" aria-label="" style="display: inline-block; background-color: rgb(99, 9, 20);">...</button> is not clickable at point (715, 457). Other element would receive the click: <div _ngcontent-ghi-c1="" class="global-loader ng-star-inserted">...</div>
  (Session info: chrome=125.0.6422.142)
Build info: version: '4.14.1', revision: '03f8ede370'
System info: os.name: 'Windows 11', os.arch: 'amd64', os.version: '10.0', java.version: '18.0.1.1'
Driver info: org.openqa.selenium.chrome.ChromeDriver
Command: [fcf857ecd0004c8d768795f56f3b2d9b, clickElement {id=f.E79ECA9CA722F2E22E27E25BA9486BF0.d.37B0AB2B2E5902DE6009D3DDFD387602.e.277}]
Capabilities {acceptInsecureCerts: false, browserName: chrome, browserVersion: 125.0.6422.142, chrome: {chromedriverVersion: 125.0.6422.141 (4b1e8393712..., userDataDir: C:\WINDOWS\TEMP\scoped_dir2...}, fedcm:accounts: true, goog:chromeOptions: {debuggerAddress: localhost:59669}, networkConnectionEnabled: false, pageLoadStrategy: normal, platformName: windows, proxy: Proxy(), se:cdp: ws://localhost:59669/devtoo..., se:cdpVersion: 125.0.6422.142, setWindowRect: true, strictFileInteractability: false, timeouts: {implicit: 0, pageLoad: 300000, script: 30000}, unhandledPromptBehavior: dismiss and notify, webauthn:extension:credBlob: true, webauthn:extension:largeBlob: true, webauthn:extension:minPinLength: true, webauthn:extension:prf: true, webauthn:virtualAuthenticators: true}
Element: [[ChromeDriver: chrome on windows (fcf857ecd0004c8d768795f56f3b2d9b)] -> xpath: //button[.='Yes, Logout!']]
Session ID: fcf857ecd0004c8d768795f56f3b2d9b]]>
            </message>
            <full-stacktrace>
              <![CDATA[org.openqa.selenium.ElementClickInterceptedException: element click intercepted: Element <button type="button" class="swal2-confirm swal2-styled swal2-default-outline" aria-label="" style="display: inline-block; background-color: rgb(99, 9, 20);">...</button> is not clickable at point (715, 457). Other element would receive the click: <div _ngcontent-ghi-c1="" class="global-loader ng-star-inserted">...</div>
  (Session info: chrome=125.0.6422.142)
Build info: version: '4.14.1', revision: '03f8ede370'
System info: os.name: 'Windows 11', os.arch: 'amd64', os.version: '10.0', java.version: '18.0.1.1'
Driver info: org.openqa.selenium.chrome.ChromeDriver
Command: [fcf857ecd0004c8d768795f56f3b2d9b, clickElement {id=f.E79ECA9CA722F2E22E27E25BA9486BF0.d.37B0AB2B2E5902DE6009D3DDFD387602.e.277}]
Capabilities {acceptInsecureCerts: false, browserName: chrome, browserVersion: 125.0.6422.142, chrome: {chromedriverVersion: 125.0.6422.141 (4b1e8393712..., userDataDir: C:\WINDOWS\TEMP\scoped_dir2...}, fedcm:accounts: true, goog:chromeOptions: {debuggerAddress: localhost:59669}, networkConnectionEnabled: false, pageLoadStrategy: normal, platformName: windows, proxy: Proxy(), se:cdp: ws://localhost:59669/devtoo..., se:cdpVersion: 125.0.6422.142, setWindowRect: true, strictFileInteractability: false, timeouts: {implicit: 0, pageLoad: 300000, script: 30000}, unhandledPromptBehavior: dismiss and notify, webauthn:extension:credBlob: true, webauthn:extension:largeBlob: true, webauthn:extension:minPinLength: true, webauthn:extension:prf: true, webauthn:virtualAuthenticators: true}
Element: [[ChromeDriver: chrome on windows (fcf857ecd0004c8d768795f56f3b2d9b)] -> xpath: //button[.='Yes, Logout!']]
Session ID: fcf857ecd0004c8d768795f56f3b2d9b
at java.base/jdk.internal.reflect.DirectConstructorHandleAccessor.newInstance(DirectConstructorHandleAccessor.java:67)
at java.base/java.lang.reflect.Constructor.newInstanceWithCaller(Constructor.java:499)
at java.base/java.lang.reflect.Constructor.newInstance(Constructor.java:483)
at org.openqa.selenium.remote.codec.w3c.W3CHttpResponseCodec.createException(W3CHttpResponseCodec.java:200)
at org.openqa.selenium.remote.codec.w3c.W3CHttpResponseCodec.decode(W3CHttpResponseCodec.java:133)
at org.openqa.selenium.remote.codec.w3c.W3CHttpResponseCodec.decode(W3CHttpResponseCodec.java:52)
at org.openqa.selenium.remote.HttpCommandExecutor.execute(HttpCommandExecutor.java:191)
at org.openqa.selenium.remote.service.DriverCommandExecutor.invokeExecute(DriverCommandExecutor.java:200)
at org.openqa.selenium.remote.service.DriverCommandExecutor.execute(DriverCommandExecutor.java:175)
at org.openqa.selenium.remote.RemoteWebDriver.execute(RemoteWebDriver.java:602)
at org.openqa.selenium.remote.RemoteWebElement.execute(RemoteWebElement.java:224)
at org.openqa.selenium.remote.RemoteWebElement.click(RemoteWebElement.java:77)
at java.base/jdk.internal.reflect.DirectMethodHandleAccessor.invoke(DirectMethodHandleAccessor.java:104)
at java.base/java.lang.reflect.Method.invoke(Method.java:577)
at org.openqa.selenium.support.pagefactory.internal.LocatingElementHandler.invoke(LocatingElementHandler.java:51)
at jdk.proxy2/jdk.proxy2.$Proxy20.click(Unknown Source)
at objectRepository.MyProfilePage.logoutOfApplication(MyProfilePage.java:48)
at genericUtility.FMS_BaseClass.amConfig(FMS_BaseClass.java:114)
at java.base/jdk.internal.reflect.DirectMethodHandleAccessor.invoke(DirectMethodHandleAccessor.java:104)
at java.base/java.lang.reflect.Method.invoke(Method.java:577)
at org.testng.internal.invokers.MethodInvocationHelper.invokeMethod(MethodInvocationHelper.java:139)
at org.testng.internal.invokers.MethodInvocationHelper.invokeMethodConsideringTimeout(MethodInvocationHelper.java:69)
at org.testng.internal.invokers.ConfigInvoker.invokeConfigurationMethod(ConfigInvoker.java:361)
at org.testng.internal.invokers.ConfigInvoker.invokeConfigurations(ConfigInvoker.java:296)
at org.testng.internal.invokers.TestInvoker.runConfigMethods(TestInvoker.java:816)
at org.testng.internal.invokers.TestInvoker.runAfterConfigurations(TestInvoker.java:785)
at org.testng.internal.invokers.TestInvoker.invokeMethod(TestInvoker.java:761)
at org.testng.internal.invokers.TestInvoker.invokeTestMethod(TestInvoker.java:221)
at org.testng.internal.invokers.MethodRunner.runInSequence(MethodRunner.java:50)
at org.testng.internal.invokers.TestInvoker$MethodInvocationAgent.invoke(TestInvoker.java:962)
at org.testng.internal.invokers.TestInvoker.invokeTestMethods(TestInvoker.java:194)
at org.testng.internal.invokers.TestMethodWorker.invokeTestMethods(TestMethodWorker.java:148)
at org.testng.internal.invokers.TestMethodWorker.run(TestMethodWorker.java:128)
at java.base/java.util.ArrayList.forEach(ArrayList.java:1511)
at org.testng.TestRunner.privateRun(TestRunner.java:806)
at org.testng.TestRunner.run(TestRunner.java:601)
at org.testng.SuiteRunner.runTest(SuiteRunner.java:433)
at org.testng.SuiteRunner$SuiteWorker.run(SuiteRunner.java:471)
at org.testng.internal.thread.ThreadUtil.lambda$execute$0(ThreadUtil.java:58)
at java.base/java.util.concurrent.FutureTask.run(FutureTask.java:264)
at java.base/java.util.concurrent.ThreadPoolExecutor.runWorker(ThreadPoolExecutor.java:1136)
at java.base/java.util.concurrent.ThreadPoolExecutor$Worker.run(ThreadPoolExecutor.java:635)
at java.base/java.lang.Thread.run(Thread.java:833)
]]>
            </full-stacktrace>
          </exception> <!-- org.openqa.selenium.ElementClickInterceptedException -->
          <reporter-output>
          </reporter-output>
        </test-method> <!-- amConfig -->
        <test-method is-config="true" signature="bmConfig()[pri:0, instance:Sprint_6_Negative.b_UsersAllActions@3b69e7d1]" started-at="2024-06-10T16:19:22 IST" name="bmConfig" finished-at="2024-06-10T16:19:22 IST" duration-ms="0" status="SKIP">
          <reporter-output>
          </reporter-output>
        </test-method> <!-- bmConfig -->
        <test-method signature="userKyc()[pri:0, instance:Sprint_6_Negative.b_UsersAllActions@3b69e7d1]" started-at="2024-06-10T16:19:22 IST" name="userKyc" finished-at="2024-06-10T16:19:22 IST" duration-ms="0" status="SKIP">
          <exception class="org.openqa.selenium.ElementClickInterceptedException">
            <message>
              <![CDATA[element click intercepted: Element <button type="button" class="swal2-confirm swal2-styled swal2-default-outline" aria-label="" style="display: inline-block; background-color: rgb(99, 9, 20);">...</button> is not clickable at point (715, 457). Other element would receive the click: <div _ngcontent-ghi-c1="" class="global-loader ng-star-inserted">...</div>
  (Session info: chrome=125.0.6422.142)
Build info: version: '4.14.1', revision: '03f8ede370'
System info: os.name: 'Windows 11', os.arch: 'amd64', os.version: '10.0', java.version: '18.0.1.1'
Driver info: org.openqa.selenium.chrome.ChromeDriver
Command: [fcf857ecd0004c8d768795f56f3b2d9b, clickElement {id=f.E79ECA9CA722F2E22E27E25BA9486BF0.d.37B0AB2B2E5902DE6009D3DDFD387602.e.277}]
Capabilities {acceptInsecureCerts: false, browserName: chrome, browserVersion: 125.0.6422.142, chrome: {chromedriverVersion: 125.0.6422.141 (4b1e8393712..., userDataDir: C:\WINDOWS\TEMP\scoped_dir2...}, fedcm:accounts: true, goog:chromeOptions: {debuggerAddress: localhost:59669}, networkConnectionEnabled: false, pageLoadStrategy: normal, platformName: windows, proxy: Proxy(), se:cdp: ws://localhost:59669/devtoo..., se:cdpVersion: 125.0.6422.142, setWindowRect: true, strictFileInteractability: false, timeouts: {implicit: 0, pageLoad: 300000, script: 30000}, unhandledPromptBehavior: dismiss and notify, webauthn:extension:credBlob: true, webauthn:extension:largeBlob: true, webauthn:extension:minPinLength: true, webauthn:extension:prf: true, webauthn:virtualAuthenticators: true}
Element: [[ChromeDriver: chrome on windows (fcf857ecd0004c8d768795f56f3b2d9b)] -> xpath: //button[.='Yes, Logout!']]
Session ID: fcf857ecd0004c8d768795f56f3b2d9b]]>
            </message>
            <full-stacktrace>
              <![CDATA[org.openqa.selenium.ElementClickInterceptedException: element click intercepted: Element <button type="button" class="swal2-confirm swal2-styled swal2-default-outline" aria-label="" style="display: inline-block; background-color: rgb(99, 9, 20);">...</button> is not clickable at point (715, 457). Other element would receive the click: <div _ngcontent-ghi-c1="" class="global-loader ng-star-inserted">...</div>
  (Session info: chrome=125.0.6422.142)
Build info: version: '4.14.1', revision: '03f8ede370'
System info: os.name: 'Windows 11', os.arch: 'amd64', os.version: '10.0', java.version: '18.0.1.1'
Driver info: org.openqa.selenium.chrome.ChromeDriver
Command: [fcf857ecd0004c8d768795f56f3b2d9b, clickElement {id=f.E79ECA9CA722F2E22E27E25BA9486BF0.d.37B0AB2B2E5902DE6009D3DDFD387602.e.277}]
Capabilities {acceptInsecureCerts: false, browserName: chrome, browserVersion: 125.0.6422.142, chrome: {chromedriverVersion: 125.0.6422.141 (4b1e8393712..., userDataDir: C:\WINDOWS\TEMP\scoped_dir2...}, fedcm:accounts: true, goog:chromeOptions: {debuggerAddress: localhost:59669}, networkConnectionEnabled: false, pageLoadStrategy: normal, platformName: windows, proxy: Proxy(), se:cdp: ws://localhost:59669/devtoo..., se:cdpVersion: 125.0.6422.142, setWindowRect: true, strictFileInteractability: false, timeouts: {implicit: 0, pageLoad: 300000, script: 30000}, unhandledPromptBehavior: dismiss and notify, webauthn:extension:credBlob: true, webauthn:extension:largeBlob: true, webauthn:extension:minPinLength: true, webauthn:extension:prf: true, webauthn:virtualAuthenticators: true}
Element: [[ChromeDriver: chrome on windows (fcf857ecd0004c8d768795f56f3b2d9b)] -> xpath: //button[.='Yes, Logout!']]
Session ID: fcf857ecd0004c8d768795f56f3b2d9b
at java.base/jdk.internal.reflect.DirectConstructorHandleAccessor.newInstance(DirectConstructorHandleAccessor.java:67)
at java.base/java.lang.reflect.Constructor.newInstanceWithCaller(Constructor.java:499)
at java.base/java.lang.reflect.Constructor.newInstance(Constructor.java:483)
at org.openqa.selenium.remote.codec.w3c.W3CHttpResponseCodec.createException(W3CHttpResponseCodec.java:200)
at org.openqa.selenium.remote.codec.w3c.W3CHttpResponseCodec.decode(W3CHttpResponseCodec.java:133)
at org.openqa.selenium.remote.codec.w3c.W3CHttpResponseCodec.decode(W3CHttpResponseCodec.java:52)
at org.openqa.selenium.remote.HttpCommandExecutor.execute(HttpCommandExecutor.java:191)
at org.openqa.selenium.remote.service.DriverCommandExecutor.invokeExecute(DriverCommandExecutor.java:200)
at org.openqa.selenium.remote.service.DriverCommandExecutor.execute(DriverCommandExecutor.java:175)
at org.openqa.selenium.remote.RemoteWebDriver.execute(RemoteWebDriver.java:602)
at org.openqa.selenium.remote.RemoteWebElement.execute(RemoteWebElement.java:224)
at org.openqa.selenium.remote.RemoteWebElement.click(RemoteWebElement.java:77)
at java.base/jdk.internal.reflect.DirectMethodHandleAccessor.invoke(DirectMethodHandleAccessor.java:104)
at java.base/java.lang.reflect.Method.invoke(Method.java:577)
at org.openqa.selenium.support.pagefactory.internal.LocatingElementHandler.invoke(LocatingElementHandler.java:51)
at jdk.proxy2/jdk.proxy2.$Proxy20.click(Unknown Source)
at objectRepository.MyProfilePage.logoutOfApplication(MyProfilePage.java:48)
at genericUtility.FMS_BaseClass.amConfig(FMS_BaseClass.java:114)
at java.base/jdk.internal.reflect.DirectMethodHandleAccessor.invoke(DirectMethodHandleAccessor.java:104)
at java.base/java.lang.reflect.Method.invoke(Method.java:577)
at org.testng.internal.invokers.MethodInvocationHelper.invokeMethod(MethodInvocationHelper.java:139)
at org.testng.internal.invokers.MethodInvocationHelper.invokeMethodConsideringTimeout(MethodInvocationHelper.java:69)
at org.testng.internal.invokers.ConfigInvoker.invokeConfigurationMethod(ConfigInvoker.java:361)
at org.testng.internal.invokers.ConfigInvoker.invokeConfigurations(ConfigInvoker.java:296)
at org.testng.internal.invokers.TestInvoker.runConfigMethods(TestInvoker.java:816)
at org.testng.internal.invokers.TestInvoker.runAfterConfigurations(TestInvoker.java:785)
at org.testng.internal.invokers.TestInvoker.invokeMethod(TestInvoker.java:761)
at org.testng.internal.invokers.TestInvoker.invokeTestMethod(TestInvoker.java:221)
at org.testng.internal.invokers.MethodRunner.runInSequence(MethodRunner.java:50)
at org.testng.internal.invokers.TestInvoker$MethodInvocationAgent.invoke(TestInvoker.java:962)
at org.testng.internal.invokers.TestInvoker.invokeTestMethods(TestInvoker.java:194)
at org.testng.internal.invokers.TestMethodWorker.invokeTestMethods(TestMethodWorker.java:148)
at org.testng.internal.invokers.TestMethodWorker.run(TestMethodWorker.java:128)
at java.base/java.util.ArrayList.forEach(ArrayList.java:1511)
at org.testng.TestRunner.privateRun(TestRunner.java:806)
at org.testng.TestRunner.run(TestRunner.java:601)
at org.testng.SuiteRunner.runTest(SuiteRunner.java:433)
at org.testng.SuiteRunner$SuiteWorker.run(SuiteRunner.java:471)
at org.testng.internal.thread.ThreadUtil.lambda$execute$0(ThreadUtil.java:58)
at java.base/java.util.concurrent.FutureTask.run(FutureTask.java:264)
at java.base/java.util.concurrent.ThreadPoolExecutor.runWorker(ThreadPoolExecutor.java:1136)
at java.base/java.util.concurrent.ThreadPoolExecutor$Worker.run(ThreadPoolExecutor.java:635)
at java.base/java.lang.Thread.run(Thread.java:833)
]]>
            </full-stacktrace>
          </exception> <!-- org.openqa.selenium.ElementClickInterceptedException -->
          <reporter-output>
          </reporter-output>
        </test-method> <!-- userKyc -->
        <test-method is-config="true" signature="amConfig()[pri:0, instance:Sprint_6_Negative.b_UsersAllActions@3b69e7d1]" started-at="2024-06-10T16:19:22 IST" name="amConfig" finished-at="2024-06-10T16:19:22 IST" duration-ms="0" status="SKIP">
          <reporter-output>
          </reporter-output>
        </test-method> <!-- amConfig -->
        <test-method is-config="true" signature="acConfig()[pri:0, instance:Sprint_6_Negative.b_UsersAllActions@3b69e7d1]" started-at="2024-06-10T16:19:22 IST" name="acConfig" finished-at="2024-06-10T16:19:22 IST" duration-ms="0" status="SKIP">
          <reporter-output>
          </reporter-output>
        </test-method> <!-- acConfig -->
      </class> <!-- Sprint_6_Negative.b_UsersAllActions -->
      <class name="Sprint_6_Negative.a_DashboardAllActions">
        <test-method is-config="true" signature="bsConfig()[pri:0, instance:Sprint_6_Negative.a_DashboardAllActions@6025e1b6]" started-at="2024-06-10T16:16:26 IST" name="bsConfig" finished-at="2024-06-10T16:16:26 IST" duration-ms="14" status="PASS">
          <reporter-output>
          </reporter-output>
        </test-method> <!-- bsConfig -->
        <test-method is-config="true" signature="bcConfig()[pri:0, instance:Sprint_6_Negative.a_DashboardAllActions@6025e1b6]" started-at="2024-06-10T16:16:27 IST" name="bcConfig" finished-at="2024-06-10T16:16:31 IST" duration-ms="4267" status="PASS">
          <reporter-output>
          </reporter-output>
        </test-method> <!-- bcConfig -->
        <test-method is-config="true" signature="bmConfig()[pri:0, instance:Sprint_6_Negative.a_DashboardAllActions@6025e1b6]" started-at="2024-06-10T16:16:31 IST" name="bmConfig" finished-at="2024-06-10T16:16:48 IST" duration-ms="17481" status="PASS">
          <reporter-output>
          </reporter-output>
        </test-method> <!-- bmConfig -->
        <test-method signature="dashboardTransactionReportsTest()[pri:0, instance:Sprint_6_Negative.a_DashboardAllActions@6025e1b6]" started-at="2024-06-10T16:16:48 IST" name="dashboardTransactionReportsTest" finished-at="2024-06-10T16:17:16 IST" duration-ms="27126" status="PASS">
          <reporter-output>
          </reporter-output>
        </test-method> <!-- dashboardTransactionReportsTest -->
        <test-method is-config="true" signature="amConfig()[pri:0, instance:Sprint_6_Negative.a_DashboardAllActions@6025e1b6]" started-at="2024-06-10T16:17:16 IST" name="amConfig" finished-at="2024-06-10T16:17:27 IST" duration-ms="11726" status="PASS">
          <reporter-output>
          </reporter-output>
        </test-method> <!-- amConfig -->
        <test-method is-config="true" signature="acConfig()[pri:0, instance:Sprint_6_Negative.a_DashboardAllActions@6025e1b6]" started-at="2024-06-10T16:17:27 IST" name="acConfig" finished-at="2024-06-10T16:17:29 IST" duration-ms="1460" status="PASS">
          <reporter-output>
          </reporter-output>
        </test-method> <!-- acConfig -->
        <test-method is-config="true" signature="asConfig()[pri:0, instance:Sprint_6_Negative.a_DashboardAllActions@6025e1b6]" started-at="2024-06-10T16:27:28 IST" name="asConfig" finished-at="2024-06-10T16:27:28 IST" duration-ms="0" status="PASS">
          <reporter-output>
          </reporter-output>
        </test-method> <!-- asConfig -->
      </class> <!-- Sprint_6_Negative.a_DashboardAllActions -->
    </test> <!-- Test -->
  </suite> <!-- Suite -->
</testng-results>
