<?xml version="1.0" encoding="UTF-8"?>
<testng-results ignored="0" total="1" passed="1" failed="0" skipped="0">
  <reporter-output>
  </reporter-output>
  <suite started-at="2024-07-11T17:05:00 IST" name="Default suite" finished-at="2024-07-11T17:06:12 IST" duration-ms="72073">
    <groups>
    </groups>
    <test started-at="2024-07-11T17:05:00 IST" name="Default test" finished-at="2024-07-11T17:06:12 IST" duration-ms="72073">
      <class name="Sprint_8_Positive.RedeemGoldUsers">
        <test-method is-config="true" signature="bsConfig()[pri:0, instance:Sprint_8_Positive.RedeemGoldUsers@1040be71]" started-at="2024-07-11T17:05:00 IST" name="bsConfig" finished-at="2024-07-11T17:05:00 IST" duration-ms="17" status="PASS">
          <reporter-output>
          </reporter-output>
        </test-method> <!-- bsConfig -->
        <test-method is-config="true" signature="bcConfig()[pri:0, instance:Sprint_8_Positive.RedeemGoldUsers@1040be71]" started-at="2024-07-11T17:05:01 IST" name="bcConfig" finished-at="2024-07-11T17:05:17 IST" duration-ms="16273" status="PASS">
          <reporter-output>
          </reporter-output>
        </test-method> <!-- bcConfig -->
        <test-method is-config="true" signature="bmConfig()[pri:0, instance:Sprint_8_Positive.RedeemGoldUsers@1040be71]" started-at="2024-07-11T17:05:17 IST" name="bmConfig" finished-at="2024-07-11T17:05:35 IST" duration-ms="17525" status="PASS">
          <reporter-output>
          </reporter-output>
        </test-method> <!-- bmConfig -->
        <test-method signature="RedeemGoldUsers()[pri:0, instance:Sprint_8_Positive.RedeemGoldUsers@1040be71]" started-at="2024-07-11T17:05:35 IST" name="RedeemGoldUsers" finished-at="2024-07-11T17:05:59 IST" duration-ms="23894" status="PASS">
          <reporter-output>
          </reporter-output>
        </test-method> <!-- RedeemGoldUsers -->
        <test-method is-config="true" signature="amConfig()[pri:0, instance:Sprint_8_Positive.RedeemGoldUsers@1040be71]" started-at="2024-07-11T17:05:59 IST" name="amConfig" finished-at="2024-07-11T17:06:10 IST" duration-ms="11943" status="PASS">
          <reporter-output>
          </reporter-output>
        </test-method> <!-- amConfig -->
        <test-method is-config="true" signature="acConfig()[pri:0, instance:Sprint_8_Positive.RedeemGoldUsers@1040be71]" started-at="2024-07-11T17:06:11 IST" name="acConfig" finished-at="2024-07-11T17:06:12 IST" duration-ms="1584" status="PASS">
          <reporter-output>
          </reporter-output>
        </test-method> <!-- acConfig -->
        <test-method is-config="true" signature="asConfig()[pri:0, instance:Sprint_8_Positive.RedeemGoldUsers@1040be71]" started-at="2024-07-11T17:06:13 IST" name="asConfig" finished-at="2024-07-11T17:06:13 IST" duration-ms="1" status="PASS">
          <reporter-output>
          </reporter-output>
        </test-method> <!-- asConfig -->
      </class> <!-- Sprint_8_Positive.RedeemGoldUsers -->
    </test> <!-- Default test -->
  </suite> <!-- Default suite -->
</testng-results>
