<?xml version="1.0" encoding="UTF-8"?>
<testng-results ignored="0" total="1" passed="1" failed="0" skipped="0">
  <reporter-output>
  </reporter-output>
  <suite started-at="2024-07-06T11:20:40 IST" name="Default suite" finished-at="2024-07-06T11:24:57 IST" duration-ms="256421">
    <groups>
      <group name="sprint-3">
        <method signature="C_ECommerce_Product_All_Actions.eCommerceProductInfoTest()[pri:1, instance:sprint_3_Positive.C_ECommerce_Product_All_Actions@3f191845]" name="eCommerceProductInfoTest" class="sprint_3_Positive.C_ECommerce_Product_All_Actions"/>
      </group> <!-- sprint-3 -->
    </groups>
    <test started-at="2024-07-06T11:20:40 IST" name="Default test" finished-at="2024-07-06T11:24:57 IST" duration-ms="256421">
      <class name="sprint_3_Positive.C_ECommerce_Product_All_Actions">
        <test-method is-config="true" signature="bsConfig()[pri:0, instance:sprint_3_Positive.C_ECommerce_Product_All_Actions@3f191845]" started-at="2024-07-06T11:20:40 IST" name="bsConfig" finished-at="2024-07-06T11:20:40 IST" duration-ms="15" status="PASS">
          <reporter-output>
          </reporter-output>
        </test-method> <!-- bsConfig -->
        <test-method is-config="true" signature="bcConfig()[pri:0, instance:sprint_3_Positive.C_ECommerce_Product_All_Actions@3f191845]" started-at="2024-07-06T11:20:41 IST" name="bcConfig" finished-at="2024-07-06T11:20:47 IST" duration-ms="6488" status="PASS">
          <reporter-output>
          </reporter-output>
        </test-method> <!-- bcConfig -->
        <test-method is-config="true" signature="bmConfig()[pri:0, instance:sprint_3_Positive.C_ECommerce_Product_All_Actions@3f191845]" started-at="2024-07-06T11:20:47 IST" name="bmConfig" finished-at="2024-07-06T11:21:05 IST" duration-ms="17658" status="PASS">
          <reporter-output>
          </reporter-output>
        </test-method> <!-- bmConfig -->
        <test-method signature="eCommerceProductInfoTest()[pri:1, instance:sprint_3_Positive.C_ECommerce_Product_All_Actions@3f191845]" started-at="2024-07-06T11:21:05 IST" name="eCommerceProductInfoTest" finished-at="2024-07-06T11:24:43 IST" duration-ms="217966" status="PASS">
          <reporter-output>
          </reporter-output>
        </test-method> <!-- eCommerceProductInfoTest -->
        <test-method is-config="true" signature="amConfig()[pri:0, instance:sprint_3_Positive.C_ECommerce_Product_All_Actions@3f191845]" started-at="2024-07-06T11:24:43 IST" name="amConfig" finished-at="2024-07-06T11:24:55 IST" duration-ms="12545" status="PASS">
          <reporter-output>
          </reporter-output>
        </test-method> <!-- amConfig -->
        <test-method is-config="true" signature="acConfig()[pri:0, instance:sprint_3_Positive.C_ECommerce_Product_All_Actions@3f191845]" started-at="2024-07-06T11:24:55 IST" name="acConfig" finished-at="2024-07-06T11:24:57 IST" duration-ms="1329" status="PASS">
          <reporter-output>
          </reporter-output>
        </test-method> <!-- acConfig -->
        <test-method is-config="true" signature="asConfig()[pri:0, instance:sprint_3_Positive.C_ECommerce_Product_All_Actions@3f191845]" started-at="2024-07-06T11:24:57 IST" name="asConfig" finished-at="2024-07-06T11:24:57 IST" duration-ms="0" status="PASS">
          <reporter-output>
          </reporter-output>
        </test-method> <!-- asConfig -->
      </class> <!-- sprint_3_Positive.C_ECommerce_Product_All_Actions -->
    </test> <!-- Default test -->
  </suite> <!-- Default suite -->
</testng-results>
