<?xml version="1.0" encoding="UTF-8"?>
<testng-results ignored="4" total="8" passed="4" failed="0" skipped="0">
  <reporter-output>
  </reporter-output>
  <suite started-at="2024-06-15T11:04:26 IST" name="Suite" finished-at="2024-06-15T11:09:09 IST" duration-ms="283653">
    <groups>
    </groups>
    <test started-at="2024-06-15T11:04:26 IST" name="Test" finished-at="2024-06-15T11:09:09 IST" duration-ms="283653">
      <class name="Sprint_7_Positive.d_MatrikaLoginAndCheckingProductDeleted">
        <test-method is-config="true" signature="bcConfig()[pri:0, instance:Sprint_7_Positive.d_MatrikaLoginAndCheckingProductDeleted@4c12331b]" started-at="2024-06-15T11:08:28 IST" name="bcConfig" finished-at="2024-06-15T11:08:38 IST" duration-ms="10088" status="PASS">
          <reporter-output>
          </reporter-output>
        </test-method> <!-- bcConfig -->
        <test-method is-config="true" signature="bmConfig()[pri:0, instance:Sprint_7_Positive.d_MatrikaLoginAndCheckingProductDeleted@4c12331b]" started-at="2024-06-15T11:08:38 IST" name="bmConfig" finished-at="2024-06-15T11:08:52 IST" duration-ms="14352" status="PASS">
          <reporter-output>
          </reporter-output>
        </test-method> <!-- bmConfig -->
        <test-method signature="b_loginAndProductDeletedRnotCheckingTest()[pri:0, instance:Sprint_7_Positive.d_MatrikaLoginAndCheckingProductDeleted@4c12331b]" started-at="2024-06-15T11:08:52 IST" name="b_loginAndProductDeletedRnotCheckingTest" finished-at="2024-06-15T11:08:56 IST" duration-ms="4048" status="PASS">
          <reporter-output>
          </reporter-output>
        </test-method> <!-- b_loginAndProductDeletedRnotCheckingTest -->
        <test-method is-config="true" signature="amConfig()[pri:0, instance:Sprint_7_Positive.d_MatrikaLoginAndCheckingProductDeleted@4c12331b]" started-at="2024-06-15T11:08:56 IST" name="amConfig" finished-at="2024-06-15T11:09:08 IST" duration-ms="11817" status="PASS">
          <reporter-output>
          </reporter-output>
        </test-method> <!-- amConfig -->
        <test-method is-config="true" signature="acConfig()[pri:0, instance:Sprint_7_Positive.d_MatrikaLoginAndCheckingProductDeleted@4c12331b]" started-at="2024-06-15T11:09:08 IST" name="acConfig" finished-at="2024-06-15T11:09:09 IST" duration-ms="1215" status="PASS">
          <reporter-output>
          </reporter-output>
        </test-method> <!-- acConfig -->
      </class> <!-- Sprint_7_Positive.d_MatrikaLoginAndCheckingProductDeleted -->
      <class name="Sprint_7_Positive.c_Deleting_CategorySubCategoryAndProduct_In_Fms">
        <test-method is-config="true" signature="bcConfig()[pri:0, instance:Sprint_7_Positive.c_Deleting_CategorySubCategoryAndProduct_In_Fms@1165b38]" started-at="2024-06-15T11:07:31 IST" name="bcConfig" finished-at="2024-06-15T11:07:36 IST" duration-ms="5074" status="PASS">
          <reporter-output>
          </reporter-output>
        </test-method> <!-- bcConfig -->
        <test-method is-config="true" signature="bmConfig()[pri:0, instance:Sprint_7_Positive.c_Deleting_CategorySubCategoryAndProduct_In_Fms@1165b38]" started-at="2024-06-15T11:07:36 IST" name="bmConfig" finished-at="2024-06-15T11:07:53 IST" duration-ms="17350" status="PASS">
          <reporter-output>
          </reporter-output>
        </test-method> <!-- bmConfig -->
        <test-method signature="deletingCategorySubCategoryProductInFmsTest()[pri:0, instance:Sprint_7_Positive.c_Deleting_CategorySubCategoryAndProduct_In_Fms@1165b38]" started-at="2024-06-15T11:07:53 IST" name="deletingCategorySubCategoryProductInFmsTest" finished-at="2024-06-15T11:08:15 IST" duration-ms="21433" status="PASS">
          <reporter-output>
          </reporter-output>
        </test-method> <!-- deletingCategorySubCategoryProductInFmsTest -->
        <test-method is-config="true" signature="amConfig()[pri:0, instance:Sprint_7_Positive.c_Deleting_CategorySubCategoryAndProduct_In_Fms@1165b38]" started-at="2024-06-15T11:08:15 IST" name="amConfig" finished-at="2024-06-15T11:08:26 IST" duration-ms="11618" status="PASS">
          <reporter-output>
          </reporter-output>
        </test-method> <!-- amConfig -->
        <test-method is-config="true" signature="acConfig()[pri:0, instance:Sprint_7_Positive.c_Deleting_CategorySubCategoryAndProduct_In_Fms@1165b38]" started-at="2024-06-15T11:08:26 IST" name="acConfig" finished-at="2024-06-15T11:08:28 IST" duration-ms="1241" status="PASS">
          <reporter-output>
          </reporter-output>
        </test-method> <!-- acConfig -->
      </class> <!-- Sprint_7_Positive.c_Deleting_CategorySubCategoryAndProduct_In_Fms -->
      <class name="Sprint_7_Positive.a_Adding_CategorySubCategoryProduct_In_Fms">
        <test-method is-config="true" signature="bsConfig()[pri:0, instance:Sprint_7_Positive.a_Adding_CategorySubCategoryProduct_In_Fms@43bc63a3]" started-at="2024-06-15T11:04:26 IST" name="bsConfig" finished-at="2024-06-15T11:04:26 IST" duration-ms="0" status="PASS">
          <reporter-output>
          </reporter-output>
        </test-method> <!-- bsConfig -->
        <test-method is-config="true" signature="bcConfig()[pri:0, instance:Sprint_7_Positive.a_Adding_CategorySubCategoryProduct_In_Fms@43bc63a3]" started-at="2024-06-15T11:04:26 IST" name="bcConfig" finished-at="2024-06-15T11:04:33 IST" duration-ms="6849" status="PASS">
          <reporter-output>
          </reporter-output>
        </test-method> <!-- bcConfig -->
        <test-method is-config="true" signature="bmConfig()[pri:0, instance:Sprint_7_Positive.a_Adding_CategorySubCategoryProduct_In_Fms@43bc63a3]" started-at="2024-06-15T11:04:33 IST" name="bmConfig" finished-at="2024-06-15T11:04:50 IST" duration-ms="17572" status="PASS">
          <reporter-output>
          </reporter-output>
        </test-method> <!-- bmConfig -->
        <test-method signature="a_addingCategorySubCategoryAndProductTest()[pri:0, instance:Sprint_7_Positive.a_Adding_CategorySubCategoryProduct_In_Fms@43bc63a3]" started-at="2024-06-15T11:04:50 IST" name="a_addingCategorySubCategoryAndProductTest" finished-at="2024-06-15T11:06:34 IST" duration-ms="103527" status="PASS">
          <reporter-output>
          </reporter-output>
        </test-method> <!-- a_addingCategorySubCategoryAndProductTest -->
        <test-method is-config="true" signature="amConfig()[pri:0, instance:Sprint_7_Positive.a_Adding_CategorySubCategoryProduct_In_Fms@43bc63a3]" started-at="2024-06-15T11:06:34 IST" name="amConfig" finished-at="2024-06-15T11:06:46 IST" duration-ms="11760" status="PASS">
          <reporter-output>
          </reporter-output>
        </test-method> <!-- amConfig -->
        <test-method is-config="true" signature="acConfig()[pri:0, instance:Sprint_7_Positive.a_Adding_CategorySubCategoryProduct_In_Fms@43bc63a3]" started-at="2024-06-15T11:06:46 IST" name="acConfig" finished-at="2024-06-15T11:06:47 IST" duration-ms="1284" status="PASS">
          <reporter-output>
          </reporter-output>
        </test-method> <!-- acConfig -->
        <test-method is-config="true" signature="asConfig()[pri:0, instance:Sprint_7_Positive.a_Adding_CategorySubCategoryProduct_In_Fms@43bc63a3]" started-at="2024-06-15T11:09:10 IST" name="asConfig" finished-at="2024-06-15T11:09:10 IST" duration-ms="0" status="PASS">
          <reporter-output>
          </reporter-output>
        </test-method> <!-- asConfig -->
      </class> <!-- Sprint_7_Positive.a_Adding_CategorySubCategoryProduct_In_Fms -->
      <class name="Sprint_7_Positive.b_MatrikaLoginAndCheckingProductAvailable">
        <test-method is-config="true" signature="bsConfig()[pri:0, instance:Sprint_7_Positive.b_MatrikaLoginAndCheckingProductAvailable@5b12b668]" started-at="2024-06-15T11:04:26 IST" name="bsConfig" finished-at="2024-06-15T11:04:26 IST" duration-ms="11" status="PASS">
          <reporter-output>
          </reporter-output>
        </test-method> <!-- bsConfig -->
        <test-method is-config="true" signature="bcConfig()[pri:0, instance:Sprint_7_Positive.b_MatrikaLoginAndCheckingProductAvailable@5b12b668]" started-at="2024-06-15T11:06:47 IST" name="bcConfig" finished-at="2024-06-15T11:06:59 IST" duration-ms="12422" status="PASS">
          <reporter-output>
          </reporter-output>
        </test-method> <!-- bcConfig -->
        <test-method is-config="true" signature="bmConfig()[pri:0, instance:Sprint_7_Positive.b_MatrikaLoginAndCheckingProductAvailable@5b12b668]" started-at="2024-06-15T11:06:59 IST" name="bmConfig" finished-at="2024-06-15T11:07:14 IST" duration-ms="14465" status="PASS">
          <reporter-output>
          </reporter-output>
        </test-method> <!-- bmConfig -->
        <test-method signature="b_loginAndProductAvailabilityCheckingTest()[pri:0, instance:Sprint_7_Positive.b_MatrikaLoginAndCheckingProductAvailable@5b12b668]" started-at="2024-06-15T11:07:14 IST" name="b_loginAndProductAvailabilityCheckingTest" finished-at="2024-06-15T11:07:18 IST" duration-ms="4095" status="PASS">
          <reporter-output>
          </reporter-output>
        </test-method> <!-- b_loginAndProductAvailabilityCheckingTest -->
        <test-method is-config="true" signature="amConfig()[pri:0, instance:Sprint_7_Positive.b_MatrikaLoginAndCheckingProductAvailable@5b12b668]" started-at="2024-06-15T11:07:18 IST" name="amConfig" finished-at="2024-06-15T11:07:30 IST" duration-ms="11958" status="PASS">
          <reporter-output>
          </reporter-output>
        </test-method> <!-- amConfig -->
        <test-method is-config="true" signature="acConfig()[pri:0, instance:Sprint_7_Positive.b_MatrikaLoginAndCheckingProductAvailable@5b12b668]" started-at="2024-06-15T11:07:30 IST" name="acConfig" finished-at="2024-06-15T11:07:31 IST" duration-ms="1209" status="PASS">
          <reporter-output>
          </reporter-output>
        </test-method> <!-- acConfig -->
        <test-method is-config="true" signature="asConfig()[pri:0, instance:Sprint_7_Positive.b_MatrikaLoginAndCheckingProductAvailable@5b12b668]" started-at="2024-06-15T11:09:10 IST" name="asConfig" finished-at="2024-06-15T11:09:10 IST" duration-ms="1" status="PASS">
          <reporter-output>
          </reporter-output>
        </test-method> <!-- asConfig -->
      </class> <!-- Sprint_7_Positive.b_MatrikaLoginAndCheckingProductAvailable -->
    </test> <!-- Test -->
  </suite> <!-- Suite -->
</testng-results>
