<?xml version="1.0" encoding="UTF-8"?>
<testng-results ignored="10" total="17" passed="7" failed="0" skipped="0">
  <reporter-output>
  </reporter-output>
  <suite started-at="2024-06-10T14:20:23 IST" name="Suite" finished-at="2024-06-10T14:32:48 IST" duration-ms="745166">
    <groups>
    </groups>
    <test started-at="2024-06-10T14:20:23 IST" name="Test" finished-at="2024-06-10T14:32:48 IST" duration-ms="745166">
      <class name="Sprint_6_Negative.d_NotificationAllActions">
        <test-method is-config="true" signature="bcConfig()[pri:0, instance:Sprint_6_Negative.d_NotificationAllActions@815b41f]" started-at="2024-06-10T14:22:25 IST" name="bcConfig" finished-at="2024-06-10T14:22:28 IST" duration-ms="3113" status="PASS">
          <reporter-output>
          </reporter-output>
        </test-method> <!-- bcConfig -->
        <test-method is-config="true" signature="bmConfig()[pri:0, instance:Sprint_6_Negative.d_NotificationAllActions@815b41f]" started-at="2024-06-10T14:22:28 IST" name="bmConfig" finished-at="2024-06-10T14:22:46 IST" duration-ms="17304" status="PASS">
          <reporter-output>
          </reporter-output>
        </test-method> <!-- bmConfig -->
        <test-method signature="notificationsAllActionsTest()[pri:0, instance:Sprint_6_Negative.d_NotificationAllActions@815b41f]" started-at="2024-06-10T14:22:46 IST" name="notificationsAllActionsTest" finished-at="2024-06-10T14:24:00 IST" duration-ms="74254" status="PASS">
          <reporter-output>
          </reporter-output>
        </test-method> <!-- notificationsAllActionsTest -->
        <test-method is-config="true" signature="amConfig()[pri:0, instance:Sprint_6_Negative.d_NotificationAllActions@815b41f]" started-at="2024-06-10T14:24:00 IST" name="amConfig" finished-at="2024-06-10T14:24:12 IST" duration-ms="11807" status="PASS">
          <reporter-output>
          </reporter-output>
        </test-method> <!-- amConfig -->
        <test-method is-config="true" signature="acConfig()[pri:0, instance:Sprint_6_Negative.d_NotificationAllActions@815b41f]" started-at="2024-06-10T14:24:12 IST" name="acConfig" finished-at="2024-06-10T14:24:13 IST" duration-ms="1166" status="PASS">
          <reporter-output>
          </reporter-output>
        </test-method> <!-- acConfig -->
      </class> <!-- Sprint_6_Negative.d_NotificationAllActions -->
      <class name="Sprint_6_Negative.f_TradingAllActions">
        <test-method is-config="true" signature="bcConfig()[pri:0, instance:Sprint_6_Negative.f_TradingAllActions@3b69e7d1]" started-at="2024-06-10T14:21:22 IST" name="bcConfig" finished-at="2024-06-10T14:21:25 IST" duration-ms="3211" status="PASS">
          <reporter-output>
          </reporter-output>
        </test-method> <!-- bcConfig -->
        <test-method is-config="true" signature="bmConfig()[pri:0, instance:Sprint_6_Negative.f_TradingAllActions@3b69e7d1]" started-at="2024-06-10T14:21:25 IST" name="bmConfig" finished-at="2024-06-10T14:21:43 IST" duration-ms="17354" status="PASS">
          <reporter-output>
          </reporter-output>
        </test-method> <!-- bmConfig -->
        <test-method signature="TradingAllActionsTest()[pri:0, instance:Sprint_6_Negative.f_TradingAllActions@3b69e7d1]" started-at="2024-06-10T14:21:43 IST" name="TradingAllActionsTest" finished-at="2024-06-10T14:22:12 IST" duration-ms="29708" status="PASS">
          <reporter-output>
          </reporter-output>
        </test-method> <!-- TradingAllActionsTest -->
        <test-method is-config="true" signature="amConfig()[pri:0, instance:Sprint_6_Negative.f_TradingAllActions@3b69e7d1]" started-at="2024-06-10T14:22:12 IST" name="amConfig" finished-at="2024-06-10T14:22:24 IST" duration-ms="11544" status="PASS">
          <reporter-output>
          </reporter-output>
        </test-method> <!-- amConfig -->
        <test-method is-config="true" signature="acConfig()[pri:0, instance:Sprint_6_Negative.f_TradingAllActions@3b69e7d1]" started-at="2024-06-10T14:22:24 IST" name="acConfig" finished-at="2024-06-10T14:22:25 IST" duration-ms="1240" status="PASS">
          <reporter-output>
          </reporter-output>
        </test-method> <!-- acConfig -->
      </class> <!-- Sprint_6_Negative.f_TradingAllActions -->
      <class name="Sprint_6_Negative.g_EventsAllActions">
        <test-method is-config="true" signature="bcConfig()[pri:0, instance:Sprint_6_Negative.g_EventsAllActions@5542c4ed]" started-at="2024-06-10T14:24:13 IST" name="bcConfig" finished-at="2024-06-10T14:24:16 IST" duration-ms="2943" status="PASS">
          <reporter-output>
          </reporter-output>
        </test-method> <!-- bcConfig -->
        <test-method is-config="true" signature="bmConfig()[pri:0, instance:Sprint_6_Negative.g_EventsAllActions@5542c4ed]" started-at="2024-06-10T14:24:16 IST" name="bmConfig" finished-at="2024-06-10T14:24:33 IST" duration-ms="17246" status="PASS">
          <reporter-output>
          </reporter-output>
        </test-method> <!-- bmConfig -->
        <test-method signature="eventsAllActionsTest()[pri:0, instance:Sprint_6_Negative.g_EventsAllActions@5542c4ed]" started-at="2024-06-10T14:24:33 IST" name="eventsAllActionsTest" finished-at="2024-06-10T14:25:16 IST" duration-ms="42694" status="PASS">
          <reporter-output>
          </reporter-output>
        </test-method> <!-- eventsAllActionsTest -->
        <test-method is-config="true" signature="amConfig()[pri:0, instance:Sprint_6_Negative.g_EventsAllActions@5542c4ed]" started-at="2024-06-10T14:25:16 IST" name="amConfig" finished-at="2024-06-10T14:25:27 IST" duration-ms="11436" status="PASS">
          <reporter-output>
          </reporter-output>
        </test-method> <!-- amConfig -->
        <test-method is-config="true" signature="acConfig()[pri:0, instance:Sprint_6_Negative.g_EventsAllActions@5542c4ed]" started-at="2024-06-10T14:25:27 IST" name="acConfig" finished-at="2024-06-10T14:25:28 IST" duration-ms="1208" status="PASS">
          <reporter-output>
          </reporter-output>
        </test-method> <!-- acConfig -->
      </class> <!-- Sprint_6_Negative.g_EventsAllActions -->
      <class name="Sprint_6_Negative.e_TransactionsAllActions">
        <test-method is-config="true" signature="bcConfig()[pri:0, instance:Sprint_6_Negative.e_TransactionsAllActions@1573f9fc]" started-at="2024-06-10T14:25:28 IST" name="bcConfig" finished-at="2024-06-10T14:25:32 IST" duration-ms="3942" status="PASS">
          <reporter-output>
          </reporter-output>
        </test-method> <!-- bcConfig -->
        <test-method is-config="true" signature="bmConfig()[pri:0, instance:Sprint_6_Negative.e_TransactionsAllActions@1573f9fc]" started-at="2024-06-10T14:25:32 IST" name="bmConfig" finished-at="2024-06-10T14:25:50 IST" duration-ms="17284" status="PASS">
          <reporter-output>
          </reporter-output>
        </test-method> <!-- bmConfig -->
        <test-method signature="TransactionsAllActionsTest()[pri:0, instance:Sprint_6_Negative.e_TransactionsAllActions@1573f9fc]" started-at="2024-06-10T14:25:50 IST" name="TransactionsAllActionsTest" finished-at="2024-06-10T14:29:04 IST" duration-ms="194054" status="PASS">
          <reporter-output>
          </reporter-output>
        </test-method> <!-- TransactionsAllActionsTest -->
        <test-method is-config="true" signature="amConfig()[pri:0, instance:Sprint_6_Negative.e_TransactionsAllActions@1573f9fc]" started-at="2024-06-10T14:29:04 IST" name="amConfig" finished-at="2024-06-10T14:29:15 IST" duration-ms="11547" status="PASS">
          <reporter-output>
          </reporter-output>
        </test-method> <!-- amConfig -->
        <test-method is-config="true" signature="acConfig()[pri:0, instance:Sprint_6_Negative.e_TransactionsAllActions@1573f9fc]" started-at="2024-06-10T14:29:15 IST" name="acConfig" finished-at="2024-06-10T14:29:16 IST" duration-ms="1267" status="PASS">
          <reporter-output>
          </reporter-output>
        </test-method> <!-- acConfig -->
      </class> <!-- Sprint_6_Negative.e_TransactionsAllActions -->
      <class name="Sprint_6_Negative.b_UsersAllActions">
        <test-method is-config="true" signature="bcConfig()[pri:0, instance:Sprint_6_Negative.b_UsersAllActions@6150c3ec]" started-at="2024-06-10T14:29:16 IST" name="bcConfig" finished-at="2024-06-10T14:29:19 IST" duration-ms="3011" status="PASS">
          <reporter-output>
          </reporter-output>
        </test-method> <!-- bcConfig -->
        <test-method is-config="true" signature="bmConfig()[pri:0, instance:Sprint_6_Negative.b_UsersAllActions@6150c3ec]" started-at="2024-06-10T14:29:19 IST" name="bmConfig" finished-at="2024-06-10T14:29:37 IST" duration-ms="17313" status="PASS">
          <reporter-output>
          </reporter-output>
        </test-method> <!-- bmConfig -->
        <test-method signature="userAllActionsTest()[pri:0, instance:Sprint_6_Negative.b_UsersAllActions@6150c3ec]" started-at="2024-06-10T14:29:37 IST" name="userAllActionsTest" finished-at="2024-06-10T14:31:43 IST" duration-ms="126510" status="PASS">
          <reporter-output>
          </reporter-output>
        </test-method> <!-- userAllActionsTest -->
        <test-method is-config="true" signature="amConfig()[pri:0, instance:Sprint_6_Negative.b_UsersAllActions@6150c3ec]" started-at="2024-06-10T14:31:43 IST" name="amConfig" finished-at="2024-06-10T14:31:56 IST" duration-ms="12666" status="PASS">
          <reporter-output>
          </reporter-output>
        </test-method> <!-- amConfig -->
        <test-method is-config="true" signature="bmConfig()[pri:0, instance:Sprint_6_Negative.b_UsersAllActions@6150c3ec]" started-at="2024-06-10T14:31:56 IST" name="bmConfig" finished-at="2024-06-10T14:32:13 IST" duration-ms="17245" status="PASS">
          <reporter-output>
          </reporter-output>
        </test-method> <!-- bmConfig -->
        <test-method signature="userKyc()[pri:0, instance:Sprint_6_Negative.b_UsersAllActions@6150c3ec]" started-at="2024-06-10T14:32:13 IST" name="userKyc" finished-at="2024-06-10T14:32:36 IST" duration-ms="22490" status="PASS">
          <reporter-output>
          </reporter-output>
        </test-method> <!-- userKyc -->
        <test-method is-config="true" signature="amConfig()[pri:0, instance:Sprint_6_Negative.b_UsersAllActions@6150c3ec]" started-at="2024-06-10T14:32:36 IST" name="amConfig" finished-at="2024-06-10T14:32:47 IST" duration-ms="11461" status="PASS">
          <reporter-output>
          </reporter-output>
        </test-method> <!-- amConfig -->
        <test-method is-config="true" signature="acConfig()[pri:0, instance:Sprint_6_Negative.b_UsersAllActions@6150c3ec]" started-at="2024-06-10T14:32:47 IST" name="acConfig" finished-at="2024-06-10T14:32:48 IST" duration-ms="1234" status="PASS">
          <reporter-output>
          </reporter-output>
        </test-method> <!-- acConfig -->
      </class> <!-- Sprint_6_Negative.b_UsersAllActions -->
      <class name="Sprint_6_Negative.a_DashboardAllActions">
        <test-method is-config="true" signature="bsConfig()[pri:0, instance:Sprint_6_Negative.a_DashboardAllActions@6025e1b6]" started-at="2024-06-10T14:20:23 IST" name="bsConfig" finished-at="2024-06-10T14:20:23 IST" duration-ms="9" status="PASS">
          <reporter-output>
          </reporter-output>
        </test-method> <!-- bsConfig -->
        <test-method is-config="true" signature="bcConfig()[pri:0, instance:Sprint_6_Negative.a_DashboardAllActions@6025e1b6]" started-at="2024-06-10T14:20:23 IST" name="bcConfig" finished-at="2024-06-10T14:20:27 IST" duration-ms="3975" status="PASS">
          <reporter-output>
          </reporter-output>
        </test-method> <!-- bcConfig -->
        <test-method is-config="true" signature="bmConfig()[pri:0, instance:Sprint_6_Negative.a_DashboardAllActions@6025e1b6]" started-at="2024-06-10T14:20:27 IST" name="bmConfig" finished-at="2024-06-10T14:20:45 IST" duration-ms="17355" status="PASS">
          <reporter-output>
          </reporter-output>
        </test-method> <!-- bmConfig -->
        <test-method signature="dashboardTransactionReportsTest()[pri:0, instance:Sprint_6_Negative.a_DashboardAllActions@6025e1b6]" started-at="2024-06-10T14:20:45 IST" name="dashboardTransactionReportsTest" finished-at="2024-06-10T14:21:09 IST" duration-ms="24500" status="PASS">
          <reporter-output>
          </reporter-output>
        </test-method> <!-- dashboardTransactionReportsTest -->
        <test-method is-config="true" signature="amConfig()[pri:0, instance:Sprint_6_Negative.a_DashboardAllActions@6025e1b6]" started-at="2024-06-10T14:21:09 IST" name="amConfig" finished-at="2024-06-10T14:21:21 IST" duration-ms="11606" status="PASS">
          <reporter-output>
          </reporter-output>
        </test-method> <!-- amConfig -->
        <test-method is-config="true" signature="acConfig()[pri:0, instance:Sprint_6_Negative.a_DashboardAllActions@6025e1b6]" started-at="2024-06-10T14:21:21 IST" name="acConfig" finished-at="2024-06-10T14:21:22 IST" duration-ms="1254" status="PASS">
          <reporter-output>
          </reporter-output>
        </test-method> <!-- acConfig -->
        <test-method is-config="true" signature="asConfig()[pri:0, instance:Sprint_6_Negative.a_DashboardAllActions@6025e1b6]" started-at="2024-06-10T14:32:49 IST" name="asConfig" finished-at="2024-06-10T14:32:49 IST" duration-ms="0" status="PASS">
          <reporter-output>
          </reporter-output>
        </test-method> <!-- asConfig -->
      </class> <!-- Sprint_6_Negative.a_DashboardAllActions -->
    </test> <!-- Test -->
  </suite> <!-- Suite -->
</testng-results>
