<?xml version="1.0" encoding="UTF-8"?>
<testng-results ignored="0" total="1" passed="1" failed="0" skipped="0">
  <reporter-output>
  </reporter-output>
  <suite started-at="2024-06-20T16:28:57 IST" name="Default suite" finished-at="2024-06-20T16:29:42 IST" duration-ms="44961">
    <groups>
    </groups>
    <test started-at="2024-06-20T16:28:57 IST" name="Default test" finished-at="2024-06-20T16:29:42 IST" duration-ms="44961">
      <class name="Sprint_7_Positive.d_MatrikaLoginAndCheckingProductDeleted">
        <test-method is-config="true" signature="bsConfig()[pri:0, instance:Sprint_7_Positive.d_MatrikaLoginAndCheckingProductDeleted@54d9d12d]" started-at="2024-06-20T16:28:57 IST" name="bsConfig" finished-at="2024-06-20T16:28:57 IST" duration-ms="7" status="PASS">
          <reporter-output>
          </reporter-output>
        </test-method> <!-- bsConfig -->
        <test-method is-config="true" signature="bcConfig()[pri:0, instance:Sprint_7_Positive.d_MatrikaLoginAndCheckingProductDeleted@54d9d12d]" started-at="2024-06-20T16:28:57 IST" name="bcConfig" finished-at="2024-06-20T16:29:09 IST" duration-ms="11915" status="PASS">
          <reporter-output>
          </reporter-output>
        </test-method> <!-- bcConfig -->
        <test-method is-config="true" signature="bmConfig()[pri:0, instance:Sprint_7_Positive.d_MatrikaLoginAndCheckingProductDeleted@54d9d12d]" started-at="2024-06-20T16:29:09 IST" name="bmConfig" finished-at="2024-06-20T16:29:23 IST" duration-ms="14422" status="PASS">
          <reporter-output>
          </reporter-output>
        </test-method> <!-- bmConfig -->
        <test-method signature="b_loginToMatrikaAndCheckingProductDeletedOrNotTest()[pri:0, instance:Sprint_7_Positive.d_MatrikaLoginAndCheckingProductDeleted@54d9d12d]" started-at="2024-06-20T16:29:23 IST" name="b_loginToMatrikaAndCheckingProductDeletedOrNotTest" finished-at="2024-06-20T16:29:27 IST" duration-ms="4123" status="PASS">
          <reporter-output>
          </reporter-output>
        </test-method> <!-- b_loginToMatrikaAndCheckingProductDeletedOrNotTest -->
        <test-method is-config="true" signature="amConfig()[pri:0, instance:Sprint_7_Positive.d_MatrikaLoginAndCheckingProductDeleted@54d9d12d]" started-at="2024-06-20T16:29:27 IST" name="amConfig" finished-at="2024-06-20T16:29:40 IST" duration-ms="13024" status="PASS">
          <reporter-output>
          </reporter-output>
        </test-method> <!-- amConfig -->
        <test-method is-config="true" signature="acConfig()[pri:0, instance:Sprint_7_Positive.d_MatrikaLoginAndCheckingProductDeleted@54d9d12d]" started-at="2024-06-20T16:29:40 IST" name="acConfig" finished-at="2024-06-20T16:29:42 IST" duration-ms="1276" status="PASS">
          <reporter-output>
          </reporter-output>
        </test-method> <!-- acConfig -->
        <test-method is-config="true" signature="asConfig()[pri:0, instance:Sprint_7_Positive.d_MatrikaLoginAndCheckingProductDeleted@54d9d12d]" started-at="2024-06-20T16:29:42 IST" name="asConfig" finished-at="2024-06-20T16:29:42 IST" duration-ms="0" status="PASS">
          <reporter-output>
          </reporter-output>
        </test-method> <!-- asConfig -->
      </class> <!-- Sprint_7_Positive.d_MatrikaLoginAndCheckingProductDeleted -->
    </test> <!-- Default test -->
  </suite> <!-- Default suite -->
</testng-results>
