<?xml version="1.0" encoding="UTF-8"?>
<testng-results ignored="2" total="5" passed="3" failed="0" skipped="0">
  <reporter-output>
  </reporter-output>
  <suite started-at="2024-06-14T17:50:55 IST" name="Suite" finished-at="2024-06-14T17:55:15 IST" duration-ms="260105">
    <groups>
    </groups>
    <test started-at="2024-06-14T17:50:55 IST" name="Test" finished-at="2024-06-14T17:55:15 IST" duration-ms="260105">
      <class name="Sprint_7_Positive.c_Deleting_CategorySubCategoryAndProduct_In_Fms">
        <test-method is-config="true" signature="bcConfig()[pri:0, instance:Sprint_7_Positive.c_Deleting_CategorySubCategoryAndProduct_In_Fms@22ff4249]" started-at="2024-06-14T17:54:20 IST" name="bcConfig" finished-at="2024-06-14T17:54:24 IST" duration-ms="4117" status="PASS">
          <reporter-output>
          </reporter-output>
        </test-method> <!-- bcConfig -->
        <test-method is-config="true" signature="bmConfig()[pri:0, instance:Sprint_7_Positive.c_Deleting_CategorySubCategoryAndProduct_In_Fms@22ff4249]" started-at="2024-06-14T17:54:24 IST" name="bmConfig" finished-at="2024-06-14T17:54:41 IST" duration-ms="17280" status="PASS">
          <reporter-output>
          </reporter-output>
        </test-method> <!-- bmConfig -->
        <test-method signature="deletingCategorySubCategoryProductInFmsTest()[pri:0, instance:Sprint_7_Positive.c_Deleting_CategorySubCategoryAndProduct_In_Fms@22ff4249]" started-at="2024-06-14T17:54:41 IST" name="deletingCategorySubCategoryProductInFmsTest" finished-at="2024-06-14T17:55:02 IST" duration-ms="21385" status="PASS">
          <reporter-output>
          </reporter-output>
        </test-method> <!-- deletingCategorySubCategoryProductInFmsTest -->
        <test-method is-config="true" signature="amConfig()[pri:0, instance:Sprint_7_Positive.c_Deleting_CategorySubCategoryAndProduct_In_Fms@22ff4249]" started-at="2024-06-14T17:55:02 IST" name="amConfig" finished-at="2024-06-14T17:55:14 IST" duration-ms="11611" status="PASS">
          <reporter-output>
          </reporter-output>
        </test-method> <!-- amConfig -->
        <test-method is-config="true" signature="acConfig()[pri:0, instance:Sprint_7_Positive.c_Deleting_CategorySubCategoryAndProduct_In_Fms@22ff4249]" started-at="2024-06-14T17:55:14 IST" name="acConfig" finished-at="2024-06-14T17:55:15 IST" duration-ms="1252" status="PASS">
          <reporter-output>
          </reporter-output>
        </test-method> <!-- acConfig -->
      </class> <!-- Sprint_7_Positive.c_Deleting_CategorySubCategoryAndProduct_In_Fms -->
      <class name="Sprint_7_Positive.b_MatrikaLogin">
        <test-method is-config="true" signature="bsConfig()[pri:0, instance:Sprint_7_Positive.b_MatrikaLogin@6025e1b6]" started-at="2024-06-14T17:50:55 IST" name="bsConfig" finished-at="2024-06-14T17:50:55 IST" duration-ms="8" status="PASS">
          <reporter-output>
          </reporter-output>
        </test-method> <!-- bsConfig -->
        <test-method is-config="true" signature="bcConfig()[pri:0, instance:Sprint_7_Positive.b_MatrikaLogin@6025e1b6]" started-at="2024-06-14T17:53:35 IST" name="bcConfig" finished-at="2024-06-14T17:53:47 IST" duration-ms="11656" status="PASS">
          <reporter-output>
          </reporter-output>
        </test-method> <!-- bcConfig -->
        <test-method is-config="true" signature="bmConfig()[pri:0, instance:Sprint_7_Positive.b_MatrikaLogin@6025e1b6]" started-at="2024-06-14T17:53:47 IST" name="bmConfig" finished-at="2024-06-14T17:54:01 IST" duration-ms="14735" status="PASS">
          <reporter-output>
          </reporter-output>
        </test-method> <!-- bmConfig -->
        <test-method signature="b_loginAndProductCheckingTest()[pri:0, instance:Sprint_7_Positive.b_MatrikaLogin@6025e1b6]" started-at="2024-06-14T17:54:01 IST" name="b_loginAndProductCheckingTest" finished-at="2024-06-14T17:54:06 IST" duration-ms="4077" status="PASS">
          <reporter-output>
          </reporter-output>
        </test-method> <!-- b_loginAndProductCheckingTest -->
        <test-method is-config="true" signature="amConfig()[pri:0, instance:Sprint_7_Positive.b_MatrikaLogin@6025e1b6]" started-at="2024-06-14T17:54:06 IST" name="amConfig" finished-at="2024-06-14T17:54:18 IST" duration-ms="12968" status="PASS">
          <reporter-output>
          </reporter-output>
        </test-method> <!-- amConfig -->
        <test-method is-config="true" signature="acConfig()[pri:0, instance:Sprint_7_Positive.b_MatrikaLogin@6025e1b6]" started-at="2024-06-14T17:54:18 IST" name="acConfig" finished-at="2024-06-14T17:54:20 IST" duration-ms="1224" status="PASS">
          <reporter-output>
          </reporter-output>
        </test-method> <!-- acConfig -->
        <test-method is-config="true" signature="asConfig()[pri:0, instance:Sprint_7_Positive.b_MatrikaLogin@6025e1b6]" started-at="2024-06-14T17:55:15 IST" name="asConfig" finished-at="2024-06-14T17:55:15 IST" duration-ms="0" status="PASS">
          <reporter-output>
          </reporter-output>
        </test-method> <!-- asConfig -->
      </class> <!-- Sprint_7_Positive.b_MatrikaLogin -->
      <class name="Sprint_7_Positive.a_Adding_CategorySubCategoryProduct_In_Fms">
        <test-method is-config="true" signature="bsConfig()[pri:0, instance:Sprint_7_Positive.a_Adding_CategorySubCategoryProduct_In_Fms@45752059]" started-at="2024-06-14T17:50:55 IST" name="bsConfig" finished-at="2024-06-14T17:50:55 IST" duration-ms="0" status="PASS">
          <reporter-output>
          </reporter-output>
        </test-method> <!-- bsConfig -->
        <test-method is-config="true" signature="bcConfig()[pri:0, instance:Sprint_7_Positive.a_Adding_CategorySubCategoryProduct_In_Fms@45752059]" started-at="2024-06-14T17:50:55 IST" name="bcConfig" finished-at="2024-06-14T17:50:59 IST" duration-ms="4117" status="PASS">
          <reporter-output>
          </reporter-output>
        </test-method> <!-- bcConfig -->
        <test-method is-config="true" signature="bmConfig()[pri:0, instance:Sprint_7_Positive.a_Adding_CategorySubCategoryProduct_In_Fms@45752059]" started-at="2024-06-14T17:50:59 IST" name="bmConfig" finished-at="2024-06-14T17:51:17 IST" duration-ms="17431" status="PASS">
          <reporter-output>
          </reporter-output>
        </test-method> <!-- bmConfig -->
        <test-method signature="a_addingCategorySubCategoryAndProductTest()[pri:0, instance:Sprint_7_Positive.a_Adding_CategorySubCategoryProduct_In_Fms@45752059]" started-at="2024-06-14T17:51:17 IST" name="a_addingCategorySubCategoryAndProductTest" finished-at="2024-06-14T17:53:22 IST" duration-ms="125564" status="PASS">
          <reporter-output>
          </reporter-output>
        </test-method> <!-- a_addingCategorySubCategoryAndProductTest -->
        <test-method is-config="true" signature="amConfig()[pri:0, instance:Sprint_7_Positive.a_Adding_CategorySubCategoryProduct_In_Fms@45752059]" started-at="2024-06-14T17:53:22 IST" name="amConfig" finished-at="2024-06-14T17:53:34 IST" duration-ms="11443" status="PASS">
          <reporter-output>
          </reporter-output>
        </test-method> <!-- amConfig -->
        <test-method is-config="true" signature="acConfig()[pri:0, instance:Sprint_7_Positive.a_Adding_CategorySubCategoryProduct_In_Fms@45752059]" started-at="2024-06-14T17:53:34 IST" name="acConfig" finished-at="2024-06-14T17:53:35 IST" duration-ms="1202" status="PASS">
          <reporter-output>
          </reporter-output>
        </test-method> <!-- acConfig -->
        <test-method is-config="true" signature="asConfig()[pri:0, instance:Sprint_7_Positive.a_Adding_CategorySubCategoryProduct_In_Fms@45752059]" started-at="2024-06-14T17:55:15 IST" name="asConfig" finished-at="2024-06-14T17:55:15 IST" duration-ms="0" status="PASS">
          <reporter-output>
          </reporter-output>
        </test-method> <!-- asConfig -->
      </class> <!-- Sprint_7_Positive.a_Adding_CategorySubCategoryProduct_In_Fms -->
    </test> <!-- Test -->
  </suite> <!-- Suite -->
</testng-results>
