<?xml version="1.0" encoding="UTF-8"?>
<testng-results ignored="0" total="1" passed="1" failed="0" skipped="0">
  <reporter-output>
  </reporter-output>
  <suite started-at="2024-06-05T14:58:14 IST" name="Default suite" finished-at="2024-06-05T14:58:52 IST" duration-ms="37599">
    <groups>
    </groups>
    <test started-at="2024-06-05T14:58:14 IST" name="Default test" finished-at="2024-06-05T14:58:52 IST" duration-ms="37599">
      <class name="Sprint_6_Negative.b_UsersAllActions">
        <test-method is-config="true" signature="bsConfig()[pri:0, instance:Sprint_6_Negative.b_UsersAllActions@292b08d6]" started-at="2024-06-05T14:58:14 IST" name="bsConfig" finished-at="2024-06-05T14:58:14 IST" duration-ms="7" status="PASS">
          <reporter-output>
          </reporter-output>
        </test-method> <!-- bsConfig -->
        <test-method is-config="true" signature="bcConfig()[pri:0, instance:Sprint_6_Negative.b_UsersAllActions@292b08d6]" started-at="2024-06-05T14:58:14 IST" name="bcConfig" finished-at="2024-06-05T14:58:18 IST" duration-ms="3935" status="PASS">
          <reporter-output>
          </reporter-output>
        </test-method> <!-- bcConfig -->
        <test-method is-config="true" signature="bmConfig()[pri:0, instance:Sprint_6_Negative.b_UsersAllActions@292b08d6]" started-at="2024-06-05T14:58:18 IST" name="bmConfig" finished-at="2024-06-05T14:58:36 IST" duration-ms="17408" status="PASS">
          <reporter-output>
          </reporter-output>
        </test-method> <!-- bmConfig -->
        <test-method signature="userAllActionsTest()[pri:0, instance:Sprint_6_Negative.b_UsersAllActions@292b08d6]" started-at="2024-06-05T14:58:36 IST" name="userAllActionsTest" finished-at="2024-06-05T14:58:52 IST" duration-ms="16223" status="PASS">
          <reporter-output>
          </reporter-output>
        </test-method> <!-- userAllActionsTest -->
        <test-method is-config="true" signature="asConfig()[pri:0, instance:Sprint_6_Negative.b_UsersAllActions@292b08d6]" started-at="2024-06-05T14:58:52 IST" name="asConfig" finished-at="2024-06-05T14:58:52 IST" duration-ms="0" status="PASS">
          <reporter-output>
          </reporter-output>
        </test-method> <!-- asConfig -->
      </class> <!-- Sprint_6_Negative.b_UsersAllActions -->
    </test> <!-- Default test -->
  </suite> <!-- Default suite -->
</testng-results>
